###########################################
Day 0:
###########################################
before:fridge + pantry hold: 0
after shopping: fridge + pantry hold: 0
inedible: 0
consumed today: 0.000000
after eating:fridge + pantry hold: 0
after throw out:fridge + pantry hold: 0
###########################################
Day 1:
###########################################
before:fridge + pantry hold: 0
basket holds 56: servings
inedible: 1.1999999999999993
plate_waste: 1.8031007354701138
plate_waste: 0.8668753535914
plate_waste: 2.0805008486193586
consumed today: 50.049523
after eating:fridge + pantry hold: 0
after throw out:fridge + pantry hold: 0
###########################################
Day 2:
###########################################
before:fridge + pantry hold: 0
basket holds 78: servings
inedible: 2.9999999999999982
plate_waste: 3.207438808288174
plate_waste: 1.0402504243096793
plate_waste: 1.7337507071828
plate_waste: 0.34614236851709945
plate_waste: 0.002601166020971969
consumed today: 66.692812
after eating:fridge + pantry hold: 1.9770048474298763
after throw out:fridge + pantry hold: 1.9770048474298763
###########################################
Day 3:
###########################################
before:fridge + pantry hold: 1.9770048474298763
plate_waste: 0.17138167761676804
basket holds 22: servings
inedible: 1.1999999999999993
plate_waste: 0.9362253818787121
consumed today: 11.669398
after eating:fridge + pantry hold: 10
after throw out:fridge + pantry hold: 10
###########################################
Day 4:
###########################################
before:fridge + pantry hold: 10
basket holds 294: servings
after shopping: fridge + pantry hold: 304
inedible: 5.9999999999999964
plate_waste: 6.282633409396709
plate_waste: 0.047212286137512605
plate_waste: 0.00035478752572075086
consumed today: 66.692991
after eating:fridge + pantry hold: 224.9768086399688
spoiled : 23.451281277450484
after throw out:fridge + pantry hold: 201.5255273625183
###########################################
Day 5:
###########################################
before:fridge + pantry hold: 201.5255273625183
plate_waste: 0.8668753535914
plate_waste: 0.5201252121548396
plate_waste: 1.0402504243096793
plate_waste: 0.13224420717964414
inedible: 7.799999999999995
plate_waste: 3.7423721243990897
consumed today: 66.394482
after eating:fridge + pantry hold: 121.02917839462471
after throw out:fridge + pantry hold: 121.02917839462471
###########################################
Day 6:
###########################################
before:fridge + pantry hold: 121.02917839462471
inedible: 2.3999999999999986
plate_waste: 5.253264642763888
plate_waste: 1.0688456256676613
plate_waste: 0.00803208499168126
consumed today: 66.692378
after eating:fridge + pantry hold: 45.606657599703965
after throw out:fridge + pantry hold: 45.606657599703965
###########################################
Day 7:
###########################################
before:fridge + pantry hold: 45.606657599703965
plate_waste: 1.26621514715319
inedible: 1.1999999999999993
plate_waste: 2.5832885537023706
consumed today: 40.557154
after eating:fridge + pantry hold: 0
after throw out:fridge + pantry hold: 0
###########################################
Day 8:
###########################################
before:fridge + pantry hold: 0
basket holds 319: servings
after shopping: fridge + pantry hold: 319
inedible: 7.199999999999996
plate_waste: 6.282633409396709
plate_waste: 0.047212286137512605
plate_waste: 0.00035478752572075086
consumed today: 66.692991
after eating:fridge + pantry hold: 238.7768086399688
after throw out:fridge + pantry hold: 238.7768086399688
###########################################
Day 9:
###########################################
before:fridge + pantry hold: 238.7768086399688
plate_waste: 2.0332885624818466
plate_waste: 2.0801460610936395
plate_waste: 0.5201252121548396
plate_waste: 1.0402504243096793
plate_waste: 0.651460294647781
plate_waste: 0.004895547429544053
inedible: 0
plate_waste: 3.678871119516705e-05
consumed today: 66.693016
after eating:fridge + pantry hold: 165.75358950468058
after throw out:fridge + pantry hold: 165.75358950468058
###########################################
Day 10:
###########################################
before:fridge + pantry hold: 165.75358950468058
inedible: 0
plate_waste: 4.421064303316136
plate_waste: 1.8947922052683097
plate_waste: 0.014238849529635583
plate_waste: 0.00010700109244901872
consumed today: 66.693011
after eating:fridge + pantry hold: 92.73037650201563
after throw out:fridge + pantry hold: 92.73037650201563
###########################################
Day 11:
###########################################
before:fridge + pantry hold: 92.73037650201563
plate_waste: 0.3838945822323545
plate_waste: 3.4531187750323156
plate_waste: 0.90742809097285
inedible: 0
plate_waste: 1.5738451518868004
consumed today: 66.567470
after eating:fridge + pantry hold: 19.84461992873048
after throw out:fridge + pantry hold: 19.84461992873048
###########################################
Day 12:
###########################################
before:fridge + pantry hold: 19.84461992873048
basket holds 276: servings
after shopping: fridge + pantry hold: 295.8446199287305
inedible: 2.3999999999999986
plate_waste: 6.282633409396695
plate_waste: 0.04721228613751127
plate_waste: 0.00035478752572074
consumed today: 66.692991
after eating:fridge + pantry hold: 220.42142856869927
after throw out:fridge + pantry hold: 220.42142856869927
###########################################
Day 13:
###########################################
before:fridge + pantry hold: 220.42142856869927
plate_waste: 1.7337507071828
plate_waste: 1.7337507071828
plate_waste: 2.0329337749561276
plate_waste: 0.6800307674508375
plate_waste: 0.14861197806437398
plate_waste: 0.0011167787096001847
inedible: 1.0
plate_waste: 8.39228911734142e-06
consumed today: 66.693019
after eating:fridge + pantry hold: 146.39820695315677
after throw out:fridge + pantry hold: 146.39820695315677
###########################################
Day 14:
###########################################
before:fridge + pantry hold: 146.39820695315677
inedible: 1.9999999999999996
plate_waste: 6.282633409396709
plate_waste: 0.04721228613751255
plate_waste: 0.0003547875257207452
consumed today: 66.692991
after eating:fridge + pantry hold: 71.37501559312555
after throw out:fridge + pantry hold: 71.37501559312555
###########################################
Day 15:
###########################################
before:fridge + pantry hold: 71.37501559312555
plate_waste: 0.8257444900527613
plate_waste: 3.2810872416052277
plate_waste: 0.7801794259431425
basket holds 50: servings
inedible: 0
plate_waste: 1.432346815222246
consumed today: 66.578758
after eating:fridge + pantry hold: 48.4769000031188
spoiled : 44.0
after throw out:fridge + pantry hold: 4.4769000031188
###########################################
Day 16:
###########################################
before:fridge + pantry hold: 4.4769000031188
basket holds 269: servings
after shopping: fridge + pantry hold: 273.47690000311877
inedible: 2.3999999999999986
plate_waste: 5.8600773902778585
plate_waste: 0.4665929113755265
plate_waste: 0.003506319182756755
consumed today: 66.692739
after eating:fridge + pantry hold: 198.0539839101569
after throw out:fridge + pantry hold: 198.0539839101569
###########################################
Day 17:
###########################################
before:fridge + pantry hold: 198.0539839101569
plate_waste: 1.0402504243096793
plate_waste: 1.0402504243096793
plate_waste: 0.5736575129341528
plate_waste: 1.0367441051269228
plate_waste: 0.3880914273196936
inedible: 3.599999999999998
plate_waste: 2.2342920482323727
consumed today: 66.514785
after eating:fridge + pantry hold: 121.62591334525936
after throw out:fridge + pantry hold: 121.62591334525936
###########################################
Day 18:
###########################################
before:fridge + pantry hold: 121.62591334525936
inedible: 3.599999999999998
plate_waste: 5.58267727712861
plate_waste: 0.5743840974037688
consumed today: 64.868852
after eating:fridge + pantry hold: 47
after throw out:fridge + pantry hold: 47
###########################################
Day 19:
###########################################
before:fridge + pantry hold: 47
basket holds 6: servings
inedible: 0
plate_waste: 3.5541889497247396
consumed today: 37.445811
after eating:fridge + pantry hold: 12
after throw out:fridge + pantry hold: 12
###########################################
Day 20:
###########################################
before:fridge + pantry hold: 12
basket holds 329: servings
after shopping: fridge + pantry hold: 341
inedible: 4.399999999999999
plate_waste: 6.282633409396709
plate_waste: 0.047212286137512605
plate_waste: 0.00035478752572075086
consumed today: 66.692991
after eating:fridge + pantry hold: 263.5768086399688
after throw out:fridge + pantry hold: 263.5768086399688
###########################################
Day 21:
###########################################
before:fridge + pantry hold: 263.5768086399688
inedible: 3.799999999999999
plate_waste: 6.282633409396723
plate_waste: 0.04721228613751394
plate_waste: 0.00035478752572076127
consumed today: 66.692991
after eating:fridge + pantry hold: 186.75361727993757
spoiled : 4.0
after throw out:fridge + pantry hold: 182.75361727993757
###########################################
Day 22:
###########################################
before:fridge + pantry hold: 182.75361727993757
basket holds 84: servings
inedible: 1.1999999999999993
plate_waste: 4.577101866962593
plate_waste: 1.7399272215931845
plate_waste: 0.013075081178768516
plate_waste: 9.82556889217751e-05
consumed today: 66.693011
after eating:fridge + pantry hold: 192.53040351341494
spoiled : 115.29522511162034
after throw out:fridge + pantry hold: 77.23517840179461
###########################################
Day 23:
###########################################
before:fridge + pantry hold: 77.23517840179461
basket holds 108: servings
inedible: 3.0
plate_waste: 6.282633409396709
plate_waste: 0.047212286137512605
plate_waste: 0.00035478752572075086
consumed today: 66.692991
after eating:fridge + pantry hold: 109.2119870417634
spoiled : 24.509651039276303
after throw out:fridge + pantry hold: 84.7023360024871
###########################################
Day 24:
###########################################
before:fridge + pantry hold: 84.7023360024871
basket holds 192: servings
after shopping: fridge + pantry hold: 276.7023360024871
inedible: 0.7999999999999998
plate_waste: 6.282633409396709
plate_waste: 0.047212286137512605
plate_waste: 0.0003547875257207517
consumed today: 66.692991
after eating:fridge + pantry hold: 202.87914464245588
spoiled : 17.99590728327607
after throw out:fridge + pantry hold: 184.88323735917982
###########################################
Day 25:
###########################################
before:fridge + pantry hold: 184.88323735917982
basket holds 44: servings
inedible: 0.3999999999999999
plate_waste: 3.4328264002219484
plate_waste: 0.7390569546936208
plate_waste: 2.142100626422849
plate_waste: 0.01609730524126385
plate_waste: 0.0001209668830838887
consumed today: 66.693010
after eating:fridge + pantry hold: 155.4600255763415
after throw out:fridge + pantry hold: 155.4600255763415
###########################################
Day 26:
###########################################
before:fridge + pantry hold: 155.4600255763415
basket holds 32: servings
inedible: 2.1999999999999993
plate_waste: 4.143664190166888
plate_waste: 1.7176534019415364
plate_waste: 0.46536202932535975
plate_waste: 0.00349706943798149
consumed today: 66.692740
after eating:fridge + pantry hold: 112.23710867547082
spoiled : 15.289404439193152
after throw out:fridge + pantry hold: 96.94770423627766
###########################################
Day 27:
###########################################
before:fridge + pantry hold: 96.94770423627766
basket holds 64: servings
inedible: 4.0
plate_waste: 3.1207512729290414
plate_waste: 3.1853337358943037
plate_waste: 0.02393691912018725
plate_waste: 0.00017987945517599713
consumed today: 66.693005
after eating:fridge + pantry hold: 83.92449759909323
spoiled : 18.887802008826412
after throw out:fridge + pantry hold: 65.03669559026682
###########################################
Day 28:
###########################################
before:fridge + pantry hold: 65.03669559026682
after shopping: fridge + pantry hold: 65.03669559026682
plate_waste: 1.9661680998297122
plate_waste: 1.0402504243096793
plate_waste: 1.0402504243096793
plate_waste: 1.0163135051894923
plate_waste: 0.5748883949843195
inedible: 0
consumed today: 59.398825
after eating:fridge + pantry hold: 0
after throw out:fridge + pantry hold: 0
###########################################
Day 29:
###########################################
before:fridge + pantry hold: 0
basket holds 72: servings
inedible: 0.5999999999999996
plate_waste: 4.455739317459795
plate_waste: 1.7337507071828
consumed today: 65.210510
after eating:fridge + pantry hold: 0
after throw out:fridge + pantry hold: 0
###########################################
Day 30:
###########################################
before:fridge + pantry hold: 0
basket holds 40: servings
inedible: 0
plate_waste: 1.7337507071828
plate_waste: 1.7337507071828
consumed today: 36.532499
after eating:fridge + pantry hold: 0
after throw out:fridge + pantry hold: 0
###########################################
Day 31:
###########################################
before:fridge + pantry hold: 0
basket holds 24: servings
inedible: 2.3999999999999986
plate_waste: 1.8724507637574241
consumed today: 19.727549
after eating:fridge + pantry hold: 0
after throw out:fridge + pantry hold: 0
###########################################
Day 32:
###########################################
before:fridge + pantry hold: 0
basket holds 327: servings
after shopping: fridge + pantry hold: 327
inedible: 2.0
plate_waste: 4.3343767679569964
plate_waste: 1.7337507071828
plate_waste: 0.26010626647536617
plate_waste: 0.0019546280482684725
consumed today: 66.692863
after eating:fridge + pantry hold: 251.97694837628114
after throw out:fridge + pantry hold: 251.97694837628114
###########################################
Day 33:
###########################################
before:fridge + pantry hold: 251.97694837628114
plate_waste: 3.4675014143656
plate_waste: 1.4736444407074334
plate_waste: 1.378618925319799
plate_waste: 0.010359947323910337
inedible: 0
plate_waste: 7.785219438308569e-05
consumed today: 66.693013
after eating:fridge + pantry hold: 178.95373282763774
after throw out:fridge + pantry hold: 178.95373282763774
###########################################
Day 34:
###########################################
before:fridge + pantry hold: 178.95373282763774
inedible: 2.3999999999999986
plate_waste: 6.282633409396709
plate_waste: 0.04721228613751277
plate_waste: 0.00035478752572076647
consumed today: 66.692991
after eating:fridge + pantry hold: 103.53054146760651
spoiled : 23.950538189213756
spoiled : 15.0
after throw out:fridge + pantry hold: 64.58000327839275
###########################################
Day 35:
###########################################
before:fridge + pantry hold: 64.58000327839275
plate_waste: 0.4837945836941735
plate_waste: 0.25998475388303666
inedible: 0
plate_waste: 4.074314161879585
consumed today: 50.761910
after eating:fridge + pantry hold: 9
after throw out:fridge + pantry hold: 9
###########################################
Day 36:
###########################################
before:fridge + pantry hold: 9
basket holds 294: servings
after shopping: fridge + pantry hold: 303
plate_waste: 1.0402504243096793
plate_waste: 3.4675014143656
inedible: 0
plate_waste: 1.8087561032265675
consumed today: 66.548731
after eating:fridge + pantry hold: 230.1347614656129
after throw out:fridge + pantry hold: 230.1347614656129
###########################################
Day 37:
###########################################
before:fridge + pantry hold: 230.1347614656129
inedible: 4.1999999999999975
plate_waste: 5.530664755913122
plate_waste: 0.7935300991341148
plate_waste: 0.00596316347903017
consumed today: 66.692543
after eating:fridge + pantry hold: 152.91205996301622
after throw out:fridge + pantry hold: 152.91205996301622
###########################################
Day 38:
###########################################
before:fridge + pantry hold: 152.91205996301622
inedible: 1.1999999999999993
plate_waste: 5.44397722055399
plate_waste: 0.8592520485258852
consumed today: 66.408831
after eating:fridge + pantry hold: 79
after throw out:fridge + pantry hold: 79
###########################################
Day 39:
###########################################
before:fridge + pantry hold: 79
inedible: 0
plate_waste: 3.8142515558021586
consumed today: 40.185748
after eating:fridge + pantry hold: 35
after throw out:fridge + pantry hold: 35
###########################################
Day 40:
###########################################
before:fridge + pantry hold: 35
basket holds 265: servings
after shopping: fridge + pantry hold: 300
inedible: 1.9999999999999996
plate_waste: 6.282633409396709
plate_waste: 0.047212286137512605
plate_waste: 0.00035478752572075086
consumed today: 66.692991
after eating:fridge + pantry hold: 224.9768086399688
after throw out:fridge + pantry hold: 224.9768086399688
###########################################
Day 41:
###########################################
before:fridge + pantry hold: 224.9768086399688
plate_waste: 1.0402504243096793
plate_waste: 1.7337507071828
plate_waste: 1.0398956367839585
plate_waste: 1.7337507071828
plate_waste: 0.7766750001194556
plate_waste: 0.005836501981262954
inedible: 0
plate_waste: 4.3859729451890914e-05
consumed today: 66.693016
after eating:fridge + pantry hold: 151.9535901222909
after throw out:fridge + pantry hold: 151.9535901222909
###########################################
Day 42:
###########################################
before:fridge + pantry hold: 151.9535901222909
plate_waste: 0.9570757070633444
plate_waste: 1.680701919064024
plate_waste: 2.299432591158137
plate_waste: 0.34670628170710804
inedible: 1.5999999999999992
plate_waste: 1.0384241098252929
consumed today: 66.610182
after eating:fridge + pantry hold: 77.42106778646803
after throw out:fridge + pantry hold: 77.42106778646803
###########################################
Day 43:
###########################################
before:fridge + pantry hold: 77.42106778646803
basket holds 53: servings
inedible: 1.1999999999999993
plate_waste: 4.750476937680865
plate_waste: 1.076751752937719
consumed today: 61.393839
after eating:fridge + pantry hold: 62
after throw out:fridge + pantry hold: 62
###########################################
Day 44:
###########################################
before:fridge + pantry hold: 62
basket holds 252.0: servings
after shopping: fridge + pantry hold: 314.0
plate_waste: 2.0805008486193586
plate_waste: 2.0805008486193586
inedible: 0
plate_waste: 2.1529005113935042
consumed today: 66.521277
after eating:fridge + pantry hold: 241.16482038075947
spoiled : 48.0
after throw out:fridge + pantry hold: 193.16482038075947
###########################################
Day 45:
###########################################
before:fridge + pantry hold: 193.16482038075947
inedible: 2.3999999999999986
plate_waste: 6.120139996355277
plate_waste: 0.2084846052503262
plate_waste: 0.0015667052646463377
consumed today: 66.692894
after eating:fridge + pantry hold: 117.74173487435137
spoiled : 18.0
after throw out:fridge + pantry hold: 99.74173487435137
###########################################
Day 46:
###########################################
before:fridge + pantry hold: 99.74173487435137
inedible: 0.5999999999999996
plate_waste: 4.455739317459795
plate_waste: 1.1045495924571203
consumed today: 58.581446
after eating:fridge + pantry hold: 35.0
spoiled : 4.0
after throw out:fridge + pantry hold: 31.0
###########################################
Day 47:
###########################################
before:fridge + pantry hold: 31.0
basket holds 96: servings
inedible: 1.0
plate_waste: 6.282633409396709
plate_waste: 0.047212286137512605
plate_waste: 0.00035478752572075086
consumed today: 66.692991
after eating:fridge + pantry hold: 52.97680863996879
after throw out:fridge + pantry hold: 52.97680863996879
###########################################
Day 48:
###########################################
before:fridge + pantry hold: 52.97680863996879
basket holds 233: servings
after shopping: fridge + pantry hold: 285.9768086399688
plate_waste: 1.6861836335195655
plate_waste: 0.13224420717964214
plate_waste: 0.5201252121548396
plate_waste: 1.7337507071828
inedible: 3.599999999999998
plate_waste: 2.2409319076533762
consumed today: 66.514255
after eating:fridge + pantry hold: 209.54931802629574
after throw out:fridge + pantry hold: 209.54931802629574
###########################################
Day 49:
###########################################
before:fridge + pantry hold: 209.54931802629574
inedible: 4.599999999999999
plate_waste: 6.282633409396723
plate_waste: 0.04721228613751394
plate_waste: 0.0003547875257207617
consumed today: 66.692991
after eating:fridge + pantry hold: 131.9261266662645
after throw out:fridge + pantry hold: 131.9261266662645
###########################################
Day 50:
###########################################
before:fridge + pantry hold: 131.9261266662645
inedible: 0.7999999999999998
plate_waste: 2.878026173923452
plate_waste: 2.1277650869215705
plate_waste: 1.3144593122394994
plate_waste: 0.009877805232555867
consumed today: 66.692231
after eating:fridge + pantry hold: 58.10376708374992
after throw out:fridge + pantry hold: 58.10376708374992
###########################################
Day 51:
###########################################
before:fridge + pantry hold: 58.10376708374992
basket holds 56: servings
inedible: 1.1999999999999993
plate_waste: 3.363476371934624
plate_waste: 2.944432650177454
plate_waste: 0.022126612796617484
plate_waste: 0.0001662754941336214
consumed today: 66.693006
after eating:fridge + pantry hold: 39.880559258342466
spoiled : 6.0320377840674055
after throw out:fridge + pantry hold: 33.84852147427506
###########################################
Day 52:
###########################################
before:fridge + pantry hold: 33.84852147427506
basket holds 272: servings
after shopping: fridge + pantry hold: 305.84852147427506
inedible: 1.1999999999999993
plate_waste: 6.282633409396723
plate_waste: 0.047212286137513826
plate_waste: 0.00035478752572075
consumed today: 66.692991
after eating:fridge + pantry hold: 231.62533011424384
after throw out:fridge + pantry hold: 231.62533011424384
###########################################
Day 53:
###########################################
before:fridge + pantry hold: 231.62533011424384
inedible: 2.3999999999999986
plate_waste: 5.513327248841307
plate_waste: 0.8107373195424596
plate_waste: 0.006092471073570582
consumed today: 66.692533
after eating:fridge + pantry hold: 156.20263990587688
after throw out:fridge + pantry hold: 156.20263990587688
###########################################
Day 54:
###########################################
before:fridge + pantry hold: 156.20263990587688
plate_waste: 0.5155648724856103
plate_waste: 1.2357521887030565
inedible: 5.9999999999999964
plate_waste: 4.5444770209422884
consumed today: 66.330496
after eating:fridge + pantry hold: 77.57634990872833
after throw out:fridge + pantry hold: 77.57634990872833
###########################################
Day 55:
###########################################
before:fridge + pantry hold: 77.57634990872833
basket holds 34: servings
inedible: 2.3999999999999986
plate_waste: 4.819826965968183
plate_waste: 0.8668753535914
plate_waste: 0.6386651154589931
plate_waste: 0.004799395128163762
consumed today: 66.692636
after eating:fridge + pantry hold: 36.1535467580639
after throw out:fridge + pantry hold: 36.1535467580639
###########################################
Day 56:
###########################################
before:fridge + pantry hold: 36.1535467580639
after shopping: fridge + pantry hold: 36.1535467580639
inedible: 0.5999999999999996
plate_waste: 1.5083631152490344
plate_waste: 1.5736862264834635
consumed today: 32.471497
after eating:fridge + pantry hold: 0
after throw out:fridge + pantry hold: 0
###########################################
Day 57:
###########################################
before:fridge + pantry hold: 0
basket holds 54: servings
inedible: 0
plate_waste: 0.8668753535914
plate_waste: 2.0805008486193586
plate_waste: 0.8668753535914
plate_waste: 0.8668753535914
consumed today: 49.318873
after eating:fridge + pantry hold: 0
after throw out:fridge + pantry hold: 0
###########################################
Day 58:
###########################################
before:fridge + pantry hold: 0
basket holds 26: servings
inedible: 0
plate_waste: 2.253875919337638
consumed today: 23.746124
after eating:fridge + pantry hold: 0
after throw out:fridge + pantry hold: 0
###########################################
Day 59:
###########################################
before:fridge + pantry hold: 0
basket holds 34: servings
inedible: 2.3999999999999986
plate_waste: 1.8724507637574241
plate_waste: 0.8668753535914
consumed today: 28.860674
after eating:fridge + pantry hold: 0
after throw out:fridge + pantry hold: 0
###########################################
Day 60:
###########################################
before:fridge + pantry hold: 0
basket holds 298: servings
after shopping: fridge + pantry hold: 298
inedible: 2.3999999999999986
plate_waste: 6.033452460996131
plate_waste: 0.29452070729205904
plate_waste: 0.002213243237349838
consumed today: 66.692843
after eating:fridge + pantry hold: 222.57697096474064
spoiled : 54.57697096474064
after throw out:fridge + pantry hold: 168
###########################################
Day 61:
###########################################
before:fridge + pantry hold: 168
inedible: 0
plate_waste: 3.6408764850838793
consumed today: 38.359124
after eating:fridge + pantry hold: 126
after throw out:fridge + pantry hold: 126
###########################################
Day 62:
###########################################
before:fridge + pantry hold: 126
inedible: 0
plate_waste: 6.282633409396709
plate_waste: 0.0455566718205051
consumed today: 66.671810
after eating:fridge + pantry hold: 53
after throw out:fridge + pantry hold: 53
###########################################
Day 63:
###########################################
before:fridge + pantry hold: 53
inedible: 0
plate_waste: 4.594439374034415
consumed today: 48.405561
after eating:fridge + pantry hold: 0
after throw out:fridge + pantry hold: 0
###########################################
Day 64:
###########################################
before:fridge + pantry hold: 0
basket holds 305: servings
after shopping: fridge + pantry hold: 305
inedible: 2.3999999999999986
plate_waste: 6.282633409396709
plate_waste: 0.047212286137512605
plate_waste: 0.00035478752572075086
consumed today: 66.692991
after eating:fridge + pantry hold: 229.5768086399688
after throw out:fridge + pantry hold: 229.5768086399688
###########################################
Day 65:
###########################################
before:fridge + pantry hold: 229.5768086399688
inedible: 4.799999999999997
plate_waste: 6.282633409396709
plate_waste: 0.047212286137512605
plate_waste: 0.00035478752572075086
consumed today: 66.692991
after eating:fridge + pantry hold: 151.75361727993757
spoiled : 68.9066552716249
after throw out:fridge + pantry hold: 82.84696200831267
###########################################
Day 66:
###########################################
before:fridge + pantry hold: 82.84696200831267
basket holds 56.0: servings
inedible: 0
plate_waste: 6.241502545858069
plate_waste: 0.08803406239189815
plate_waste: 0.0006615521028614383
consumed today: 66.692966
after eating:fridge + pantry hold: 65.82379744229635
after throw out:fridge + pantry hold: 65.82379744229635
###########################################
Day 67:
###########################################
before:fridge + pantry hold: 65.82379744229635
basket holds 100: servings
inedible: 2.3999999999999986
plate_waste: 6.282633409396695
plate_waste: 0.04721228613751127
plate_waste: 0.00035478752572074
consumed today: 66.692991
after eating:fridge + pantry hold: 90.40060608226514
after throw out:fridge + pantry hold: 90.40060608226514
###########################################
Day 68:
###########################################
before:fridge + pantry hold: 90.40060608226514
basket holds 205: servings
after shopping: fridge + pantry hold: 295.40060608226514
plate_waste: 1.9914504465988792
plate_waste: 0.5826646035214491
plate_waste: 1.83131990021878
plate_waste: 0.7910694759091079
plate_waste: 0.8196630674538881
plate_waste: 0.31167578274479757
plate_waste: 0.0023421589766915545
inedible: 0
plate_waste: 1.760068948503628e-05
consumed today: 66.693018
after eating:fridge + pantry hold: 222.37738527102024
spoiled : 6.0
after throw out:fridge + pantry hold: 216.37738527102024
###########################################
Day 69:
###########################################
before:fridge + pantry hold: 216.37738527102024
inedible: 1.1999999999999993
plate_waste: 6.282633409396709
plate_waste: 0.047212286137512605
plate_waste: 0.00035478752572075086
consumed today: 66.692991
after eating:fridge + pantry hold: 142.15419391098902
after throw out:fridge + pantry hold: 142.15419391098902
###########################################
Day 70:
###########################################
before:fridge + pantry hold: 142.15419391098902
inedible: 2.3999999999999995
plate_waste: 6.282633409396695
plate_waste: 0.04721228613751127
plate_waste: 0.00035478752572074
consumed today: 66.692991
after eating:fridge + pantry hold: 66.73100255095781
after throw out:fridge + pantry hold: 66.73100255095781
###########################################
Day 71:
###########################################
before:fridge + pantry hold: 66.73100255095781
basket holds 38: servings
inedible: 0
plate_waste: 5.2879396569075325
plate_waste: 0.7910694759091115
plate_waste: 0.24930638150471252
plate_waste: 0.0018734698417870455
consumed today: 66.692870
after eating:fridge + pantry hold: 31.707943838564592
spoiled : 2.45107824146139
after throw out:fridge + pantry hold: 29.256865597103204
###########################################
Day 72:
###########################################
before:fridge + pantry hold: 29.256865597103204
basket holds 292.0: servings
after shopping: fridge + pantry hold: 321.25686559710323
plate_waste: 1.2418446597766284
plate_waste: 0.5052903382066773
plate_waste: 1.7337507071828
plate_waste: 0.7890705729631797
plate_waste: 2.0447646946283875
plate_waste: 0.015365852112633333
plate_waste: 0.00011547021120209065
inedible: 0
plate_waste: 8.677273201199993e-07
consumed today: 66.693019
after eating:fridge + pantry hold: 248.23364332433613
after throw out:fridge + pantry hold: 248.23364332433613
###########################################
Day 73:
###########################################
before:fridge + pantry hold: 248.23364332433613
inedible: 2.0
plate_waste: 6.282633409396709
plate_waste: 0.04721228613751266
plate_waste: 0.00035478752572075606
consumed today: 66.692991
after eating:fridge + pantry hold: 173.21045196430492
spoiled : 0.23365333416413614
spoiled : 6.0
after throw out:fridge + pantry hold: 166.97679863014076
###########################################
Day 74:
###########################################
before:fridge + pantry hold: 166.97679863014076
inedible: 1.6999999999999993
plate_waste: 5.140570846796997
plate_waste: 1.1806925583219154
plate_waste: 0.008872584356195853
consumed today: 66.692311
after eating:fridge + pantry hold: 92.25435124771339
after throw out:fridge + pantry hold: 92.25435124771339
###########################################
Day 75:
###########################################
before:fridge + pantry hold: 92.25435124771339
basket holds 52: servings
inedible: 0
plate_waste: 5.2879396569075325
plate_waste: 0.5197695569017986
plate_waste: 0.5185675552008391
plate_waste: 0.0038968945348863554
consumed today: 66.692708
after eating:fridge + pantry hold: 71.23146926912642
after throw out:fridge + pantry hold: 71.23146926912642
###########################################
Day 76:
###########################################
before:fridge + pantry hold: 71.23146926912642
basket holds 254: servings
after shopping: fridge + pantry hold: 325.2314692691264
plate_waste: 1.49375360155733
plate_waste: 1.0402504243096793
plate_waste: 1.0402504243096793
inedible: 0.5999999999999996
plate_waste: 2.735238512027557
consumed today: 66.474823
after eating:fridge + pantry hold: 251.84715332261248
after throw out:fridge + pantry hold: 251.84715332261248
###########################################
Day 77:
###########################################
before:fridge + pantry hold: 251.84715332261248
inedible: 1.5999999999999996
plate_waste: 6.282633409396723
plate_waste: 0.04721228613751405
plate_waste: 0.00035478752572077254
consumed today: 66.692991
after eating:fridge + pantry hold: 177.22396196258126
spoiled : 8.0
after throw out:fridge + pantry hold: 169.22396196258126
###########################################
Day 78:
###########################################
before:fridge + pantry hold: 169.22396196258126
plate_waste: 3.107501371178479
plate_waste: 3.198484068226769
plate_waste: 0.02403574030112049
plate_waste: 0.00018062206954908597
inedible: 0
plate_waste: 1.357325865543385e-06
consumed today: 66.693019
after eating:fridge + pantry hold: 96.2007397325776
after throw out:fridge + pantry hold: 96.2007397325776
###########################################
Day 79:
###########################################
before:fridge + pantry hold: 96.2007397325776
inedible: 1.5999999999999996
plate_waste: 2.5486135395587155
plate_waste: 0.7975908082239336
plate_waste: 0.26006124875155434
consumed today: 37.994474
after eating:fridge + pantry hold: 53.0
after throw out:fridge + pantry hold: 53.0
###########################################
Day 80:
###########################################
before:fridge + pantry hold: 53.0
basket holds 260: servings
after shopping: fridge + pantry hold: 313.0
inedible: 9.0
plate_waste: 6.282633409396723
plate_waste: 0.04721228613751394
plate_waste: 0.00035478752572076127
consumed today: 66.692991
after eating:fridge + pantry hold: 230.97680863996877
after throw out:fridge + pantry hold: 230.97680863996877
###########################################
Day 81:
###########################################
before:fridge + pantry hold: 230.97680863996877
basket holds 36: servings
inedible: 3.1999999999999993
plate_waste: 4.056976654807748
plate_waste: 2.2561438338435806
plate_waste: 0.016954309014989205
plate_waste: 0.0001274070340125692
consumed today: 66.693009
after eating:fridge + pantry hold: 190.7535974196384
after throw out:fridge + pantry hold: 190.7535974196384
###########################################
Day 82:
###########################################
before:fridge + pantry hold: 190.7535974196384
basket holds 34: servings
inedible: 0
plate_waste: 2.3405634546967775
plate_waste: 2.0805008486193586
plate_waste: 1.8947922052683026
plate_waste: 0.014238849529634917
plate_waste: 0.0001070010924490133
consumed today: 66.693011
after eating:fridge + pantry hold: 151.73038441697344
spoiled : 23.83574513370758
after throw out:fridge + pantry hold: 127.89463928326586
###########################################
Day 83:
###########################################
before:fridge + pantry hold: 127.89463928326586
plate_waste: 1.0402504243096793
plate_waste: 0.9930381381721656
plate_waste: 2.0805008486193586
plate_waste: 2.199758010005297
plate_waste: 0.01653058484143352
plate_waste: 0.00012422286176795323
inedible: 0.3999999999999999
plate_waste: 9.335011152867117e-07
consumed today: 66.693019
after eating:fridge + pantry hold: 54.47141701624373
spoiled : 50.87142778481745
after throw out:fridge + pantry hold: 3.599989231426278
###########################################
Day 84:
###########################################
before:fridge + pantry hold: 3.599989231426278
after shopping: fridge + pantry hold: 3.599989231426278
plate_waste: 0.31207419379178836
inedible: 0
consumed today: 3.287915
after eating:fridge + pantry hold: 0
after throw out:fridge + pantry hold: 0
###########################################
Day 85:
###########################################
before:fridge + pantry hold: 0
basket holds 40: servings
inedible: 2.3999999999999986
plate_waste: 3.259451329503662
consumed today: 34.340549
after eating:fridge + pantry hold: 0
after throw out:fridge + pantry hold: 0
###########################################
Day 86:
###########################################
before:fridge + pantry hold: 0
basket holds 102: servings
inedible: 1.1999999999999993
plate_waste: 4.2303517255260275
plate_waste: 1.0402504243096793
plate_waste: 1.0516384052593146
plate_waste: 0.0079027773971405
consumed today: 66.692389
after eating:fridge + pantry hold: 27.777467910849513
spoiled : 27.777467910849513
after throw out:fridge + pantry hold: 0
###########################################
Day 87:
###########################################
before:fridge + pantry hold: 0
basket holds 124: servings
inedible: 2.0
plate_waste: 6.282633409396723
plate_waste: 0.04721228613751394
plate_waste: 0.00035478752572076127
consumed today: 66.692991
after eating:fridge + pantry hold: 48.976808639968766
after throw out:fridge + pantry hold: 48.976808639968766
###########################################
Day 88:
###########################################
before:fridge + pantry hold: 48.976808639968766
basket holds 263: servings
after shopping: fridge + pantry hold: 311.9768086399688
inedible: 1.1999999999999993
plate_waste: 6.282633409396709
plate_waste: 0.047212286137512605
plate_waste: 0.0003547875257207513
consumed today: 66.692991
after eating:fridge + pantry hold: 237.75361727993754
spoiled : 20.0
spoiled : 12.0
after throw out:fridge + pantry hold: 205.75361727993754
###########################################
Day 89:
###########################################
before:fridge + pantry hold: 205.75361727993754
inedible: 2.9999999999999982
plate_waste: 6.154815010498936
plate_waste: 0.17407016443363243
plate_waste: 0.0013080900755649705
consumed today: 66.692915
after eating:fridge + pantry hold: 129.73050918506993
spoiled : 29.980817569741756
spoiled : 12.0
after throw out:fridge + pantry hold: 87.7496916153282
###########################################
Day 90:
###########################################
before:fridge + pantry hold: 87.7496916153282
basket holds 96: servings
inedible: 0.5999999999999996
plate_waste: 5.669364812487757
plate_waste: 0.6558723358673406
plate_waste: 0.004928702722704521
consumed today: 66.692626
after eating:fridge + pantry hold: 110.12689975889353
spoiled : 6.0
after throw out:fridge + pantry hold: 104.12689975889353
###########################################
Day 91:
###########################################
before:fridge + pantry hold: 104.12689975889353
plate_waste: 1.5978404838434095
plate_waste: 0.72102435390644
plate_waste: 1.0729496685927522
inedible: 1.1999999999999993
plate_waste: 2.9163074691638684
consumed today: 66.460379
after eating:fridge + pantry hold: 30.15839908146161
after throw out:fridge + pantry hold: 30.15839908146161
###########################################
Day 92:
###########################################
before:fridge + pantry hold: 30.15839908146161
basket holds 258: servings
after shopping: fridge + pantry hold: 288.1583990814616
inedible: 2.9999999999999982
plate_waste: 6.282633409396709
plate_waste: 0.04721228613751266
plate_waste: 0.00035478752572075606
consumed today: 66.692991
after eating:fridge + pantry hold: 212.1352077214304
after throw out:fridge + pantry hold: 212.1352077214304
###########################################
Day 93:
###########################################
before:fridge + pantry hold: 212.1352077214304
inedible: 0
plate_waste: 6.282633409396723
plate_waste: 0.04721228613751394
plate_waste: 0.00035478752572076127
consumed today: 66.692991
after eating:fridge + pantry hold: 139.11201636139918
spoiled : 59.44718856072654
spoiled : 6.0
after throw out:fridge + pantry hold: 73.66482780067264
###########################################
Day 94:
###########################################
before:fridge + pantry hold: 73.66482780067264
basket holds 82: servings
inedible: 1.1999999999999993
plate_waste: 3.2767888365754914
plate_waste: 0.3604813674116185
plate_waste: 0.30561927789791943
plate_waste: 2.0805008486193586
plate_waste: 0.304507223602152
plate_waste: 0.0022882891989436764
consumed today: 66.692837
after eating:fridge + pantry hold: 81.44180532022031
after throw out:fridge + pantry hold: 81.44180532022031
###########################################
Day 95:
###########################################
before:fridge + pantry hold: 81.44180532022031
plate_waste: 1.7720497215012578
plate_waste: 1.0402504243096793
inedible: 0
plate_waste: 3.491466936448191
consumed today: 66.414497
after eating:fridge + pantry hold: 8.72354131440811
after throw out:fridge + pantry hold: 8.72354131440811
###########################################
Day 96:
###########################################
before:fridge + pantry hold: 8.72354131440811
basket holds 331: servings
after shopping: fridge + pantry hold: 339.7235413144081
plate_waste: 2.0805008486193586
plate_waste: 1.0402504243096793
plate_waste: 1.0402504243096793
plate_waste: 1.7337507071828
plate_waste: 0.4321784705588314
plate_waste: 0.003247703993675216
inedible: 0
plate_waste: 2.4405614691763386e-05
consumed today: 66.693017
after eating:fridge + pantry hold: 266.7003210975319
spoiled : 24.0
after throw out:fridge + pantry hold: 242.70032109753194
###########################################
Day 97:
###########################################
before:fridge + pantry hold: 242.70032109753194
inedible: 1.1999999999999993
plate_waste: 3.9702891194486085
plate_waste: 0.8668509479767081
plate_waste: 0.3207961215971613
consumed today: 54.342385
after eating:fridge + pantry hold: 182
spoiled : 12.0
after throw out:fridge + pantry hold: 170
###########################################
Day 98:
###########################################
before:fridge + pantry hold: 170
inedible: 0.7999999999999998
plate_waste: 6.282633409396723
plate_waste: 0.04721228613751399
plate_waste: 0.0003547875257207669
consumed today: 66.692991
after eating:fridge + pantry hold: 96.17680863996877
after throw out:fridge + pantry hold: 96.17680863996877
###########################################
Day 99:
###########################################
before:fridge + pantry hold: 96.17680863996877
inedible: 2.199999999999999
plate_waste: 4.663789402321726
plate_waste: 1.1422650648979147
consumed today: 61.170754
after eating:fridge + pantry hold: 27
after throw out:fridge + pantry hold: 27
###########################################
Day 0:
###########################################
before:fridge + pantry hold: 0
basket holds 290: servings
after shopping: fridge + pantry hold: 290
inedible: 9.6
plate_waste: 6.917442570701354
plate_waste: 0.05558453934289598
plate_waste: 0.00044664498221467976
consumed today: 70.820319
after eating:fridge + pantry hold: 202.60620708095757
after throw out:fridge + pantry hold: 202.60620708095757
###########################################
Day 1:
###########################################
before:fridge + pantry hold: 202.60620708095757
inedible: 0
plate_waste: 4.482024524940911
plate_waste: 1.7923631649941498
plate_waste: 0.6934722056430997
plate_waste: 0.005572338722555456
consumed today: 70.819897
after eating:fridge + pantry hold: 124.8128773535544
after throw out:fridge + pantry hold: 124.8128773535544
###########################################
Day 2:
###########################################
before:fridge + pantry hold: 124.8128773535544
basket holds 32: servings
inedible: 0
plate_waste: 4.213103053444456
plate_waste: 1.7928098099763652
plate_waste: 0.9597897248281608
plate_waste: 0.007712311186590617
consumed today: 70.819721
after eating:fridge + pantry hold: 79.01974100823838
after throw out:fridge + pantry hold: 79.01974100823838
###########################################
Day 3:
###########################################
before:fridge + pantry hold: 79.01974100823838
plate_waste: 0.777435545805309
plate_waste: 3.6167180822982132
inedible: 1.1999999999999993
plate_waste: 2.558597801720783
consumed today: 70.609870
after eating:fridge + pantry hold: 0.25711957305151145
after throw out:fridge + pantry hold: 0.25711957305151145
###########################################
Day 4:
###########################################
before:fridge + pantry hold: 0.25711957305151145
basket holds 303: servings
after shopping: fridge + pantry hold: 303.2571195730515
inedible: 7.599999999999998
plate_waste: 6.91744257070134
plate_waste: 0.05558453934289442
plate_waste: 0.00044664498221464594
consumed today: 70.820319
after eating:fridge + pantry hold: 217.8633266540091
after throw out:fridge + pantry hold: 217.8633266540091
###########################################
Day 5:
###########################################
before:fridge + pantry hold: 217.8633266540091
plate_waste: 6.91744257070134
plate_waste: 0.055584539342894534
plate_waste: 0.0004466449822146572
inedible: 1.1999999999999993
plate_waste: 3.5889789228420188e-06
consumed today: 70.820356
after eating:fridge + pantry hold: 138.86949369749138
after throw out:fridge + pantry hold: 138.86949369749138
###########################################
Day 6:
###########################################
before:fridge + pantry hold: 138.86949369749138
inedible: 0
plate_waste: 6.454115315914919
plate_waste: 0.5151887661809083
plate_waste: 0.004139756846567803
consumed today: 70.820015
after eating:fridge + pantry hold: 61.07603451250038
after throw out:fridge + pantry hold: 61.07603451250038
###########################################
Day 7:
###########################################
before:fridge + pantry hold: 61.07603451250038
plate_waste: 0.7858093711062386
plate_waste: 0.02304832464518425
plate_waste: 0.45292494222740665
basket holds 32: servings
inedible: 2.8
plate_waste: 3.3346262465560415
consumed today: 46.679626
after eating:fridge + pantry hold: 39
after throw out:fridge + pantry hold: 39
###########################################
Day 8:
###########################################
before:fridge + pantry hold: 39
basket holds 245: servings
after shopping: fridge + pantry hold: 284
inedible: 4.799999999999997
plate_waste: 4.410312132541861
plate_waste: 1.0756858859858198
consumed today: 55.714002
after eating:fridge + pantry hold: 218
after throw out:fridge + pantry hold: 218
###########################################
Day 9:
###########################################
before:fridge + pantry hold: 218
inedible: 0.5999999999999996
plate_waste: 4.697161702138075
consumed today: 47.702838
after eating:fridge + pantry hold: 165
after throw out:fridge + pantry hold: 165
###########################################
Day 10:
###########################################
before:fridge + pantry hold: 165
inedible: 1.1999999999999993
plate_waste: 4.195174955344697
consumed today: 42.604825
after eating:fridge + pantry hold: 117
spoiled : 18.0
after throw out:fridge + pantry hold: 99
###########################################
Day 11:
###########################################
before:fridge + pantry hold: 99
inedible: 2.3999999999999986
plate_waste: 3.5497634237532054
consumed today: 36.050237
after eating:fridge + pantry hold: 57
spoiled : 12.0
after throw out:fridge + pantry hold: 45
###########################################
Day 12:
###########################################
before:fridge + pantry hold: 45
basket holds 310: servings
after shopping: fridge + pantry hold: 355
plate_waste: 4.302743543943279
plate_waste: 2.649273367687723
plate_waste: 0.021288017678677357
plate_waste: 0.0001710581105804161
inedible: 0
plate_waste: 1.3745233415814974e-06
consumed today: 70.820356
after eating:fridge + pantry hold: 277.20616684336943
spoiled : 18.206182177102345
spoiled : 22.0
after throw out:fridge + pantry hold: 236.99998466626707
###########################################
Day 13:
###########################################
before:fridge + pantry hold: 236.99998466626707
inedible: 2.3999999999999986
plate_waste: 6.866461572209474
plate_waste: 0.10615588422543576
plate_waste: 0.0008530068537468648
consumed today: 70.820286
after eating:fridge + pantry hold: 156.80622846877512
spoiled : 40.80624380250805
after throw out:fridge + pantry hold: 115.99998466626707
###########################################
Day 14:
###########################################
before:fridge + pantry hold: 115.99998466626707
inedible: 0
plate_waste: 3.2270576579574595
plate_waste: 0.8964035304648412
consumed today: 41.876523
after eating:fridge + pantry hold: 70
spoiled : 12.0
after throw out:fridge + pantry hold: 58
###########################################
Day 15:
###########################################
before:fridge + pantry hold: 58
basket holds 72: servings
inedible: 0.5999999999999996
plate_waste: 3.5318353256534394
plate_waste: 2.1513717719716396
plate_waste: 1.0756858859858198
consumed today: 68.641107
after eating:fridge + pantry hold: 54
after throw out:fridge + pantry hold: 54
###########################################
Day 16:
###########################################
before:fridge + pantry hold: 54
basket holds 230: servings
after shopping: fridge + pantry hold: 284
plate_waste: 1.0756858859858198
plate_waste: 1.0756858859858198
plate_waste: 1.0756858859858198
plate_waste: 1.7928098099763652
inedible: 0
plate_waste: 1.9379118338521195
consumed today: 70.660931
after eating:fridge + pantry hold: 206.38128926929886
after throw out:fridge + pantry hold: 206.38128926929886
###########################################
Day 17:
###########################################
before:fridge + pantry hold: 206.38128926929886
inedible: 1.1999999999999993
plate_waste: 3.6573320123517874
plate_waste: 0.3927409191171578
consumed today: 41.131216
after eating:fridge + pantry hold: 160
after throw out:fridge + pantry hold: 160
###########################################
Day 18:
###########################################
before:fridge + pantry hold: 160
inedible: 1.799999999999999
plate_waste: 3.6035477180524964
consumed today: 36.596452
after eating:fridge + pantry hold: 118
after throw out:fridge + pantry hold: 118
###########################################
Day 19:
###########################################
before:fridge + pantry hold: 118
inedible: 1.1999999999999993
plate_waste: 3.119489069358874
consumed today: 31.680511
after eating:fridge + pantry hold: 82
after throw out:fridge + pantry hold: 82
###########################################
Day 20:
###########################################
before:fridge + pantry hold: 82
basket holds 228: servings
after shopping: fridge + pantry hold: 310
plate_waste: 1.7928098099763652
plate_waste: 0.8964049049881826
inedible: 4.199999999999999
plate_waste: 4.249836818817826
consumed today: 70.470738
after eating:fridge + pantry hold: 228.39021012525745
after throw out:fridge + pantry hold: 228.39021012525745
###########################################
Day 21:
###########################################
before:fridge + pantry hold: 228.39021012525745
inedible: 4.399999999999999
plate_waste: 6.917442570701354
plate_waste: 0.05558453934289587
plate_waste: 0.0004466449822146685
consumed today: 70.820319
after eating:fridge + pantry hold: 146.19641720621502
after throw out:fridge + pantry hold: 146.19641720621502
###########################################
Day 22:
###########################################
before:fridge + pantry hold: 146.19641720621502
plate_waste: 1.2375951746652927
plate_waste: 1.2899454940091388
inedible: 3.1999999999999993
plate_waste: 4.4102117466411315
consumed today: 70.457545
after eating:fridge + pantry hold: 65.60111987228281
after throw out:fridge + pantry hold: 65.60111987228281
###########################################
Day 23:
###########################################
before:fridge + pantry hold: 65.60111987228281
basket holds 110: servings
inedible: 1.1999999999999993
plate_waste: 6.917442570701354
plate_waste: 0.05558453934289598
plate_waste: 0.0004466449822146789
consumed today: 70.820319
after eating:fridge + pantry hold: 96.60732695324037
spoiled : 39.37493442959408
after throw out:fridge + pantry hold: 57.2323925236463
###########################################
Day 24:
###########################################
before:fridge + pantry hold: 57.2323925236463
basket holds 244: servings
after shopping: fridge + pantry hold: 301.2323925236463
inedible: 2.999999999999999
plate_waste: 6.91744257070134
plate_waste: 0.055584539342894534
plate_waste: 0.0004466449822146581
consumed today: 70.820319
after eating:fridge + pantry hold: 220.4385996046039
spoiled : 6.0
after throw out:fridge + pantry hold: 214.4385996046039
###########################################
Day 25:
###########################################
before:fridge + pantry hold: 214.4385996046039
plate_waste: 1.0752392410036045
plate_waste: 1.7928098099763652
plate_waste: 2.1156159616728374
plate_waste: 1.1322734760925304
plate_waste: 0.8506482013428833
plate_waste: 0.006835313474776478
inedible: 0
plate_waste: 5.4924597765214204e-05
consumed today: 70.820351
after eating:fridge + pantry hold: 136.64477128711275
after throw out:fridge + pantry hold: 136.64477128711275
###########################################
Day 26:
###########################################
before:fridge + pantry hold: 136.64477128711275
basket holds 50: servings
inedible: 0
plate_waste: 2.509933733966914
plate_waste: 1.0756858859858198
plate_waste: 3.3606349015233263
plate_waste: 0.02700410462271341
plate_waste: 0.00021698925585279414
consumed today: 70.820338
after eating:fridge + pantry hold: 108.85095761485762
after throw out:fridge + pantry hold: 108.85095761485762
###########################################
Day 27:
###########################################
before:fridge + pantry hold: 108.85095761485762
basket holds 54: servings
inedible: 3.3999999999999986
plate_waste: 4.89437078123548
plate_waste: 2.0624001022733474
plate_waste: 0.01657224594984691
plate_waste: 0.00013316491573069967
consumed today: 70.820345
after eating:fridge + pantry hold: 81.65713636767987
after throw out:fridge + pantry hold: 81.65713636767987
###########################################
Day 28:
###########################################
before:fridge + pantry hold: 81.65713636767987
basket holds 226: servings
after shopping: fridge + pantry hold: 307.65713636767987
inedible: 0
plate_waste: 6.917442570701354
plate_waste: 0.05558453934289598
plate_waste: 0.00044664498221467976
consumed today: 70.820319
after eating:fridge + pantry hold: 229.86334344863744
spoiled : 117.03207079727395
spoiled : 12.0
after throw out:fridge + pantry hold: 100.83127265136349
###########################################
Day 29:
###########################################
before:fridge + pantry hold: 100.83127265136349
inedible: 2.3999999999999986
plate_waste: 6.597540100713019
plate_waste: 0.3729164594137888
plate_waste: 0.002996539457760645
consumed today: 70.820109
after eating:fridge + pantry hold: 20.637710157676516
after throw out:fridge + pantry hold: 20.637710157676516
###########################################
Day 30:
###########################################
before:fridge + pantry hold: 20.637710157676516
basket holds 44: servings
inedible: 2.3999999999999986
plate_waste: 4.804730290736657
plate_waste: 0.7742885753207505
consumed today: 56.658691
after eating:fridge + pantry hold: 0
after throw out:fridge + pantry hold: 0
###########################################
Day 31:
###########################################
before:fridge + pantry hold: 0
basket holds 34: servings
inedible: 0
plate_waste: 0.8964049049881826
plate_waste: 1.0756858859858198
plate_waste: 1.0756858859858198
consumed today: 30.952223
after eating:fridge + pantry hold: 0
after throw out:fridge + pantry hold: 0
###########################################
Day 32:
###########################################
before:fridge + pantry hold: 0
basket holds 300: servings
after shopping: fridge + pantry hold: 300
plate_waste: 1.0756858859858198
plate_waste: 1.0756858859858198
plate_waste: 0.8964049049881826
inedible: 0
plate_waste: 3.8941560519000333
consumed today: 70.499999
after eating:fridge + pantry hold: 222.55806845510995
spoiled : 20.0
after throw out:fridge + pantry hold: 202.55806845510995
###########################################
Day 33:
###########################################
before:fridge + pantry hold: 202.55806845510995
inedible: 7.0
plate_waste: 6.91744257070134
plate_waste: 0.05558453934289487
plate_waste: 0.0004466449822146928
consumed today: 70.820319
after eating:fridge + pantry hold: 117.76427553606754
after throw out:fridge + pantry hold: 117.76427553606754
###########################################
Day 34:
###########################################
before:fridge + pantry hold: 117.76427553606754
plate_waste: 1.5423728423612886
plate_waste: 1.4842733780290676
inedible: 0
plate_waste: 3.91511671642823
consumed today: 70.498274
after eating:fridge + pantry hold: 40.32423813566884
after throw out:fridge + pantry hold: 40.32423813566884
###########################################
Day 35:
###########################################
before:fridge + pantry hold: 40.32423813566884
basket holds 34: servings
inedible: 1.0
plate_waste: 2.9581361864610045
plate_waste: 2.1513717719716396
plate_waste: 1.4633127135008657
consumed today: 66.751417
after eating:fridge + pantry hold: 0
after throw out:fridge + pantry hold: 0
###########################################
Day 36:
###########################################
before:fridge + pantry hold: 0
basket holds 285: servings
after shopping: fridge + pantry hold: 285
inedible: 2.3999999999999986
plate_waste: 6.917442570701354
plate_waste: 0.055584539342895756
plate_waste: 0.0004466449822146581
consumed today: 70.820319
after eating:fridge + pantry hold: 204.80620708095756
spoiled : 58.0
after throw out:fridge + pantry hold: 146.80620708095756
###########################################
Day 37:
###########################################
before:fridge + pantry hold: 146.80620708095756
inedible: 2.0
plate_waste: 6.917442570701354
plate_waste: 0.05558453934289598
plate_waste: 0.00044664498221467976
consumed today: 70.820319
after eating:fridge + pantry hold: 67.01241416191513
after throw out:fridge + pantry hold: 67.01241416191513
###########################################
Day 38:
###########################################
before:fridge + pantry hold: 67.01241416191513
plate_waste: 0.8408203656452873
plate_waste: 0.8955116150237536
plate_waste: 1.2380418196475027
plate_waste: 0.07451568820647247
basket holds 96: servings
inedible: 0
plate_waste: 1.6135288289787297
consumed today: 47.349996
after eating:fridge + pantry hold: 111
after throw out:fridge + pantry hold: 111
###########################################
Day 39:
###########################################
before:fridge + pantry hold: 111
plate_waste: 1.0756858859858198
plate_waste: 1.7928098099763652
inedible: 0
plate_waste: 2.6892147149645496
consumed today: 56.442290
after eating:fridge + pantry hold: 49
after throw out:fridge + pantry hold: 49
###########################################
Day 40:
###########################################
before:fridge + pantry hold: 49
basket holds 286: servings
after shopping: fridge + pantry hold: 335
plate_waste: 0.5378429429929099
plate_waste: 3.5856196199527304
plate_waste: 1.0756858859858198
inedible: 3.599999999999998
plate_waste: 1.7600714503932195
consumed today: 70.675562
after eating:fridge + pantry hold: 253.76521843422512
after throw out:fridge + pantry hold: 253.76521843422512
###########################################
Day 41:
###########################################
before:fridge + pantry hold: 253.76521843422512
inedible: 1.1999999999999993
plate_waste: 6.917442570701354
plate_waste: 0.055584539342895645
plate_waste: 0.0004466449822146468
consumed today: 70.820319
after eating:fridge + pantry hold: 174.77142551518267
after throw out:fridge + pantry hold: 174.77142551518267
###########################################
Day 42:
###########################################
before:fridge + pantry hold: 174.77142551518267
inedible: 0
plate_waste: 5.916272372922009
plate_waste: 1.0487099165576126
plate_waste: 0.008426822054595176
consumed today: 70.819663
after eating:fridge + pantry hold: 96.97835373780164
after throw out:fridge + pantry hold: 96.97835373780164
###########################################
Day 43:
###########################################
before:fridge + pantry hold: 96.97835373780164
plate_waste: 1.1623829441598943
plate_waste: 0.9870484462508138
inedible: 0
plate_waste: 4.7852827589794416
consumed today: 70.426689
after eating:fridge + pantry hold: 19.61695030503516
after throw out:fridge + pantry hold: 19.61695030503516
###########################################
Day 44:
###########################################
before:fridge + pantry hold: 19.61695030503516
basket holds 266: servings
after shopping: fridge + pantry hold: 285.6169503050352
inedible: 1.1999999999999993
plate_waste: 6.794749179810424
plate_waste: 0.1772920376089966
plate_waste: 0.001424615548150536
consumed today: 70.820239
after eating:fridge + pantry hold: 206.6232457618912
spoiled : 34.00629545685604
after throw out:fridge + pantry hold: 172.61695030503518
###########################################
Day 45:
###########################################
before:fridge + pantry hold: 172.61695030503518
inedible: 2.3999999999999986
plate_waste: 6.917442570701354
plate_waste: 0.055584539342895756
plate_waste: 0.0004466449822146581
consumed today: 70.820319
after eating:fridge + pantry hold: 92.42315738599272
after throw out:fridge + pantry hold: 92.42315738599272
###########################################
Day 46:
###########################################
before:fridge + pantry hold: 92.42315738599272
inedible: 2.3999999999999986
plate_waste: 4.984011271734296
plate_waste: 0.7001988766545972
plate_waste: 0.9512619879627149
consumed today: 67.387685
after eating:fridge + pantry hold: 16
after throw out:fridge + pantry hold: 16
###########################################
Day 47:
###########################################
before:fridge + pantry hold: 16
basket holds 26: servings
inedible: 0
plate_waste: 1.9720907909740006
plate_waste: 1.7928098099763652
consumed today: 38.235099
after eating:fridge + pantry hold: 0
after throw out:fridge + pantry hold: 0
###########################################
Day 48:
###########################################
before:fridge + pantry hold: 0
basket holds 304: servings
after shopping: fridge + pantry hold: 304
inedible: 4.799999999999997
plate_waste: 6.91744257070134
plate_waste: 0.055584539342894534
plate_waste: 0.0004466449822146581
consumed today: 70.820319
after eating:fridge + pantry hold: 221.40620708095759
spoiled : 24.0
after throw out:fridge + pantry hold: 197.40620708095759
###########################################
Day 49:
###########################################
before:fridge + pantry hold: 197.40620708095759
inedible: 7.199999999999996
plate_waste: 6.91744257070134
plate_waste: 0.055584539342894534
plate_waste: 0.0004466449822146572
consumed today: 70.820319
after eating:fridge + pantry hold: 112.41241416191514
after throw out:fridge + pantry hold: 112.41241416191514
###########################################
Day 50:
###########################################
before:fridge + pantry hold: 112.41241416191514
basket holds 54: servings
inedible: 1.0
plate_waste: 2.59957422446573
plate_waste: 3.4082486447980855
plate_waste: 0.9578950666796171
plate_waste: 0.007697086817277474
consumed today: 70.819723
after eating:fridge + pantry hold: 87.61927644082425
spoiled : 27.988003789460777
after throw out:fridge + pantry hold: 59.631272651363474
###########################################
Day 51:
###########################################
before:fridge + pantry hold: 59.631272651363474
basket holds 116: servings
inedible: 4.399999999999999
plate_waste: 6.917442570701354
plate_waste: 0.05558453934289598
plate_waste: 0.00044664498221467976
consumed today: 70.820319
after eating:fridge + pantry hold: 93.43747973232104
spoiled : 47.37493442959408
after throw out:fridge + pantry hold: 46.06254530272696
###########################################
Day 52:
###########################################
before:fridge + pantry hold: 46.06254530272696
basket holds 286: servings
after shopping: fridge + pantry hold: 332.06254530272696
inedible: 3.599999999999999
plate_waste: 6.917442570701354
plate_waste: 0.05558453934289598
plate_waste: 0.00044664498221467976
consumed today: 70.820319
after eating:fridge + pantry hold: 250.66875238368456
after throw out:fridge + pantry hold: 250.66875238368456
###########################################
Day 53:
###########################################
before:fridge + pantry hold: 250.66875238368456
basket holds 80: servings
inedible: 4.799999999999997
plate_waste: 6.917442570701354
plate_waste: 0.055584539342895756
plate_waste: 0.00044664498221465895
consumed today: 70.820319
after eating:fridge + pantry hold: 248.07495946464212
spoiled : 47.37493442959407
after throw out:fridge + pantry hold: 200.70002503504807
###########################################
Day 54:
###########################################
before:fridge + pantry hold: 200.70002503504807
plate_waste: 0.5378429429929099
plate_waste: 0.5378429429929099
plate_waste: 0.5378429429929099
plate_waste: 3.13842021822245
plate_waste: 0.9350643969951236
plate_waste: 0.18208427680505723
plate_waste: 1.0955055004529068
plate_waste: 0.008802844110075828
inedible: 0
plate_waste: 7.073452793642638e-05
consumed today: 70.820350
after eating:fridge + pantry hold: 122.90619814624695
after throw out:fridge + pantry hold: 122.90619814624695
###########################################
Day 55:
###########################################
before:fridge + pantry hold: 122.90619814624695
plate_waste: 6.917442570701368
plate_waste: 0.05558453934289753
plate_waste: 0.0004466449822147127
basket holds 110: servings
inedible: 0
plate_waste: 3.588978922842615e-06
consumed today: 70.820356
after eating:fridge + pantry hold: 155.11236518972922
after throw out:fridge + pantry hold: 155.11236518972922
###########################################
Day 56:
###########################################
before:fridge + pantry hold: 155.11236518972922
basket holds 156: servings
after shopping: fridge + pantry hold: 311.1123651897292
plate_waste: 3.5856196199527304
plate_waste: 3.3606349015233334
plate_waste: 0.027004104622714076
plate_waste: 0.00021698925585279414
inedible: 1.1999999999999993
plate_waste: 1.7435992717916143e-06
consumed today: 70.820356
after eating:fridge + pantry hold: 232.11853206645077
after throw out:fridge + pantry hold: 232.11853206645077
###########################################
Day 57:
###########################################
before:fridge + pantry hold: 232.11853206645077
inedible: 5.599999999999998
plate_waste: 6.917442570701354
plate_waste: 0.05558453934289587
plate_waste: 0.0004466449822146685
consumed today: 70.820319
after eating:fridge + pantry hold: 148.72473914740834
after throw out:fridge + pantry hold: 148.72473914740834
###########################################
Day 58:
###########################################
before:fridge + pantry hold: 148.72473914740834
plate_waste: 1.0754688967299657
plate_waste: 0.26918746381450553
plate_waste: 1.765355471392514
plate_waste: 0.9681155537879658
plate_waste: 0.35849122746733686
plate_waste: 1.5446197323871012
inedible: 1.1999999999999993
plate_waste: 0.9842659726162228
consumed today: 70.739384
after eating:fridge + pantry hold: 69.81985065968377
after throw out:fridge + pantry hold: 69.81985065968377
###########################################
Day 59:
###########################################
before:fridge + pantry hold: 69.81985065968377
basket holds 50: servings
inedible: 0
plate_waste: 6.91744257070134
plate_waste: 0.055584539342894645
plate_waste: 0.0004466449822146685
consumed today: 70.820319
after eating:fridge + pantry hold: 42.02605774064134
after throw out:fridge + pantry hold: 42.02605774064134
###########################################
Day 60:
###########################################
before:fridge + pantry hold: 42.02605774064134
basket holds 248: servings
after shopping: fridge + pantry hold: 290.02605774064136
plate_waste: 3.5856196199527304
plate_waste: 1.0752392410036045
plate_waste: 1.0756858859858198
plate_waste: 0.4330776502017528
plate_waste: 0.7973956655633145
plate_waste: 0.006407407114890795
inedible: 0
plate_waste: 5.148619149685223e-05
consumed today: 70.820352
after eating:fridge + pantry hold: 212.23222911243303
after throw out:fridge + pantry hold: 212.23222911243303
###########################################
Day 61:
###########################################
before:fridge + pantry hold: 212.23222911243303
inedible: 0.5999999999999996
plate_waste: 6.917442570701354
plate_waste: 0.05558453934289587
plate_waste: 0.0004466449822146685
consumed today: 70.820319
after eating:fridge + pantry hold: 133.8384361933906
after throw out:fridge + pantry hold: 133.8384361933906
###########################################
Day 62:
###########################################
before:fridge + pantry hold: 133.8384361933906
basket holds 82: servings
inedible: 5.9999999999999964
plate_waste: 6.812677277910183
plate_waste: 0.15950799926310566
plate_waste: 0.001281713374549619
consumed today: 70.820250
after eating:fridge + pantry hold: 132.04471873665966
after throw out:fridge + pantry hold: 132.04471873665966
###########################################
Day 63:
###########################################
before:fridge + pantry hold: 132.04471873665966
basket holds 64: servings
inedible: 2.3999999999999986
plate_waste: 6.917442570701354
plate_waste: 0.05558453934289598
plate_waste: 0.00044664498221467976
consumed today: 70.820319
after eating:fridge + pantry hold: 115.85092581761722
spoiled : 10.206282543269051
after throw out:fridge + pantry hold: 105.64464327434817
###########################################
Day 64:
###########################################
before:fridge + pantry hold: 105.64464327434817
basket holds 220: servings
after shopping: fridge + pantry hold: 325.64464327434814
plate_waste: 0.9172735227262852
plate_waste: 3.3159009541764988
plate_waste: 0.5378429429929099
plate_waste: 2.1847622678502034
plate_waste: 0.017555477040972628
plate_waste: 0.00014106558808313048
inedible: 1.1999999999999993
plate_waste: 1.133520900331894e-06
consumed today: 70.820356
after eating:fridge + pantry hold: 246.650810095939
after throw out:fridge + pantry hold: 246.650810095939
###########################################
Day 65:
###########################################
before:fridge + pantry hold: 246.650810095939
inedible: 1.1999999999999993
plate_waste: 6.917442570701354
plate_waste: 0.05558453934289587
plate_waste: 0.0004466449822146685
consumed today: 70.820319
after eating:fridge + pantry hold: 167.65701717689657
spoiled : 15.425107078251473
after throw out:fridge + pantry hold: 152.23191009864507
###########################################
Day 66:
###########################################
before:fridge + pantry hold: 152.23191009864507
plate_waste: 0.8959067738144721
plate_waste: 0.21794047300457908
plate_waste: 2.2420153132342726
plate_waste: 0.9676695188841222
inedible: 2.3999999999999986
plate_waste: 2.6286518772522065
consumed today: 70.604107
after eating:fridge + pantry hold: 72.27561921376527
after throw out:fridge + pantry hold: 72.27561921376527
###########################################
Day 67:
###########################################
before:fridge + pantry hold: 72.27561921376527
basket holds 20: servings
inedible: 0
plate_waste: 3.5856196199527304
plate_waste: 1.100392527498638
plate_waste: 0.8964049049881826
consumed today: 56.693202
after eating:fridge + pantry hold: 30
after throw out:fridge + pantry hold: 30
###########################################
Day 68:
###########################################
before:fridge + pantry hold: 30
basket holds 300: servings
after shopping: fridge + pantry hold: 330
inedible: 4.399999999999999
plate_waste: 6.917442570701354
plate_waste: 0.05558453934289598
plate_waste: 0.00044664498221467976
consumed today: 70.820319
after eating:fridge + pantry hold: 247.80620708095756
spoiled : 40.0
spoiled : 6.0
after throw out:fridge + pantry hold: 201.80620708095756
###########################################
Day 69:
###########################################
before:fridge + pantry hold: 201.80620708095756
basket holds 50: servings
inedible: 1.1999999999999993
plate_waste: 4.7330178983376
plate_waste: 2.22245644738636
plate_waste: 0.017858365512255336
plate_waste: 0.0001434994234169888
consumed today: 70.820344
after eating:fridge + pantry hold: 172.8123867676744
after throw out:fridge + pantry hold: 172.8123867676744
###########################################
Day 70:
###########################################
before:fridge + pantry hold: 172.8123867676744
plate_waste: 3.5121767150975813
plate_waste: 3.4334876619728476
plate_waste: 0.027589506971639033
plate_waste: 0.00022169320815346692
inedible: 1.1999999999999993
plate_waste: 1.781397492601031e-06
consumed today: 70.820356
after eating:fridge + pantry hold: 93.81855364781165
after throw out:fridge + pantry hold: 93.81855364781165
###########################################
Day 71:
###########################################
before:fridge + pantry hold: 93.81855364781165
plate_waste: 4.035487011934691
plate_waste: 0.5378429429929099
plate_waste: 0.9681155159897443
inedible: 0.3999999999999999
plate_waste: 1.4205249279006136
consumed today: 70.703495
after eating:fridge + pantry hold: 15.753088409089662
after throw out:fridge + pantry hold: 15.753088409089662
###########################################
Day 72:
###########################################
before:fridge + pantry hold: 15.753088409089662
basket holds 322: servings
after shopping: fridge + pantry hold: 337.7530884090896
inedible: 7.199999999999996
plate_waste: 6.917442570701354
plate_waste: 0.05558453934289598
plate_waste: 0.00044664498221467976
consumed today: 70.820319
after eating:fridge + pantry hold: 252.75929549004724
after throw out:fridge + pantry hold: 252.75929549004724
###########################################
Day 73:
###########################################
before:fridge + pantry hold: 252.75929549004724
plate_waste: 0.4822584036500137
plate_waste: 0.5373962980106954
plate_waste: 3.5856196199527304
plate_waste: 2.3491735511338945
plate_waste: 0.01887659034992964
plate_waste: 0.00015168128513411302
inedible: 0
plate_waste: 1.2188224585814483e-06
consumed today: 70.820356
after eating:fridge + pantry hold: 174.9654623193465
after throw out:fridge + pantry hold: 174.9654623193465
###########################################
Day 74:
###########################################
before:fridge + pantry hold: 174.9654623193465
plate_waste: 1.217417797183776
plate_waste: 1.0756858859858198
plate_waste: 0.8964036861657245
plate_waste: 0.8742716288691366
plate_waste: 0.3255090616031655
inedible: 0
plate_waste: 2.5634242731438732
consumed today: 70.609473
after eating:fridge + pantry hold: 97.40327703608824
after throw out:fridge + pantry hold: 97.40327703608824
###########################################
Day 75:
###########################################
before:fridge + pantry hold: 97.40327703608824
basket holds 102: servings
inedible: 0
plate_waste: 6.917442570701354
plate_waste: 0.05558453934289598
plate_waste: 0.00044664498221467976
consumed today: 70.820319
after eating:fridge + pantry hold: 121.60948411704581
spoiled : 23.374934429594077
after throw out:fridge + pantry hold: 98.23454968745173
###########################################
Day 76:
###########################################
before:fridge + pantry hold: 98.23454968745173
basket holds 190: servings
after shopping: fridge + pantry hold: 288.2345496874517
inedible: 4.799999999999997
plate_waste: 6.740964885511133
plate_waste: 0.23064415264666627
plate_waste: 0.0018533220689532469
consumed today: 70.820203
after eating:fridge + pantry hold: 205.64088388506877
spoiled : 11.979324945026068
after throw out:fridge + pantry hold: 193.6615589400427
###########################################
Day 77:
###########################################
before:fridge + pantry hold: 193.6615589400427
plate_waste: 0.5378429429929099
plate_waste: 0.5378429429929099
plate_waste: 0.5378429429929099
plate_waste: 0.5378429429929099
plate_waste: 0.5378429429929099
plate_waste: 0.30719879034624364
plate_waste: 2.635724175787587
plate_waste: 0.07451568820647014
inedible: 0.5999999999999996
plate_waste: 1.256644543957032
consumed today: 70.716977
after eating:fridge + pantry hold: 115.38128438427498
after throw out:fridge + pantry hold: 115.38128438427498
###########################################
Day 78:
###########################################
before:fridge + pantry hold: 115.38128438427498
inedible: 0
plate_waste: 4.482024524940911
plate_waste: 1.0202239147129504
consumed today: 55.879036
after eating:fridge + pantry hold: 54
after throw out:fridge + pantry hold: 54
###########################################
Day 79:
###########################################
before:fridge + pantry hold: 54
basket holds 104: servings
inedible: 0
plate_waste: 6.91744257070134
plate_waste: 0.055584539342894534
plate_waste: 0.0004466449822146581
consumed today: 70.820319
after eating:fridge + pantry hold: 80.20620708095758
after throw out:fridge + pantry hold: 80.20620708095758
###########################################
Day 80:
###########################################
before:fridge + pantry hold: 80.20620708095758
basket holds 208: servings
after shopping: fridge + pantry hold: 288.2062070809576
inedible: 3.399999999999999
plate_waste: 6.91744257070134
plate_waste: 0.055584539342894645
plate_waste: 0.0004466449822146685
consumed today: 70.820319
after eating:fridge + pantry hold: 207.01241416191516
spoiled : 47.9900347492583
spoiled : 12.0
after throw out:fridge + pantry hold: 147.02237941265685
###########################################
Day 81:
###########################################
before:fridge + pantry hold: 147.02237941265685
plate_waste: 1.7372252706334699
plate_waste: 0.6123586311993892
plate_waste: 1.7928098099763652
plate_waste: 2.8083347219686168
plate_waste: 0.022566142074304518
plate_waste: 0.0001813283737633429
inedible: 0
plate_waste: 1.457049194469873e-06
consumed today: 70.820356
after eating:fridge + pantry hold: 69.22854626348385
after throw out:fridge + pantry hold: 69.22854626348385
###########################################
Day 82:
###########################################
before:fridge + pantry hold: 69.22854626348385
basket holds 64: servings
inedible: 0.3999999999999999
plate_waste: 4.266887347743754
plate_waste: 0.5378414859437148
plate_waste: 1.7928098099763652
plate_waste: 0.372917904754984
plate_waste: 0.0029965510716805643
consumed today: 70.820109
after eating:fridge + pantry hold: 55.03498377084638
after throw out:fridge + pantry hold: 55.03498377084638
###########################################
Day 83:
###########################################
before:fridge + pantry hold: 55.03498377084638
plate_waste: 1.885586262853355
basket holds 112: servings
inedible: 0.3999999999999999
plate_waste: 5.047007780771807
consumed today: 70.405158
after eating:fridge + pantry hold: 89.29723154472987
after throw out:fridge + pantry hold: 89.29723154472987
###########################################
Day 84:
###########################################
before:fridge + pantry hold: 89.29723154472987
basket holds 198: servings
after shopping: fridge + pantry hold: 287.29723154472987
inedible: 1.1999999999999993
plate_waste: 6.167265746318691
plate_waste: 0.7997333797151498
plate_waste: 0.006426191624182412
consumed today: 70.819827
after eating:fridge + pantry hold: 208.30397897713084
spoiled : 20.0
spoiled : 48.0
after throw out:fridge + pantry hold: 140.30397897713084
###########################################
Day 85:
###########################################
before:fridge + pantry hold: 140.30397897713084
inedible: 2.3999999999999986
plate_waste: 6.91744257070134
plate_waste: 0.055584539342894534
plate_waste: 0.0004466449822146581
consumed today: 70.820319
after eating:fridge + pantry hold: 60.11018605808843
spoiled : 23.92831150757406
spoiled : 6.0
after throw out:fridge + pantry hold: 30.181874550514372
###########################################
Day 86:
###########################################
before:fridge + pantry hold: 30.181874550514372
basket holds 42: servings
inedible: 0
plate_waste: 3.7649006009503694
plate_waste: 1.0756858859858198
plate_waste: 1.4724606950058288
plate_waste: 0.15737145789026297
consumed today: 65.711456
after eating:fridge + pantry hold: 0
after throw out:fridge + pantry hold: 0
###########################################
Day 87:
###########################################
before:fridge + pantry hold: 0
basket holds 42: servings
inedible: 0
plate_waste: 1.9720907909740006
plate_waste: 1.7928098099763652
consumed today: 38.235099
after eating:fridge + pantry hold: 0
after throw out:fridge + pantry hold: 0
###########################################
Day 88:
###########################################
before:fridge + pantry hold: 0
basket holds 296: servings
after shopping: fridge + pantry hold: 296
inedible: 2.3999999999999995
plate_waste: 6.917442570701354
plate_waste: 0.05558453934289598
plate_waste: 0.0004466449822146789
consumed today: 70.820319
after eating:fridge + pantry hold: 215.80620708095756
spoiled : 24.0
after throw out:fridge + pantry hold: 191.80620708095756
###########################################
Day 89:
###########################################
before:fridge + pantry hold: 191.80620708095756
plate_waste: 0.8964049049881826
plate_waste: 0.8408203656452873
plate_waste: 2.1513717719716396
plate_waste: 3.0600920289661957
plate_waste: 0.024589117153986123
plate_waste: 0.0001975838231952588
inedible: 0
plate_waste: 1.5876685179047948e-06
consumed today: 70.820356
after eating:fridge + pantry hold: 114.01237394358819
spoiled : 4.0
after throw out:fridge + pantry hold: 110.01237394358819
###########################################
Day 90:
###########################################
before:fridge + pantry hold: 110.01237394358819
inedible: 4.399999999999999
plate_waste: 6.418259119715401
plate_waste: 0.5507568428726888
plate_waste: 0.004425561193769648
consumed today: 70.819992
after eating:fridge + pantry hold: 27.818940585771195
after throw out:fridge + pantry hold: 27.818940585771195
###########################################
Day 91:
###########################################
before:fridge + pantry hold: 27.818940585771195
plate_waste: 0.5345281758403084
plate_waste: 1.2420513794351589
basket holds 32: servings
inedible: 1.1999999999999993
plate_waste: 1.6852412213777832
consumed today: 35.157120
after eating:fridge + pantry hold: 20
after throw out:fridge + pantry hold: 20
###########################################
Day 92:
###########################################
before:fridge + pantry hold: 20
basket holds 286: servings
after shopping: fridge + pantry hold: 306
inedible: 3.1999999999999993
plate_waste: 6.917442570701354
plate_waste: 0.05558453934289598
plate_waste: 0.00044664498221467976
consumed today: 70.820319
after eating:fridge + pantry hold: 225.00620708095755
spoiled : 39.37493442959408
after throw out:fridge + pantry hold: 185.63127265136347
###########################################
Day 93:
###########################################
before:fridge + pantry hold: 185.63127265136347
inedible: 1.0
plate_waste: 5.468069920427915
plate_waste: 1.4933108752048643
plate_waste: 0.011999376394618053
plate_waste: 9.641999951279972e-05
consumed today: 70.820348
after eating:fridge + pantry hold: 106.83744808367172
after throw out:fridge + pantry hold: 106.83744808367172
###########################################
Day 94:
###########################################
before:fridge + pantry hold: 106.83744808367172
inedible: 1.1999999999999993
plate_waste: 4.643377407838784
plate_waste: 2.3113766391158066
plate_waste: 0.018572876380259423
plate_waste: 0.00014924081657602243
consumed today: 70.820344
after eating:fridge + pantry hold: 27.843628289218866
after throw out:fridge + pantry hold: 27.843628289218866
###########################################
Day 95:
###########################################
before:fridge + pantry hold: 27.843628289218866
plate_waste: 0.344544725140711
basket holds 96: servings
inedible: 0
plate_waste: 3.9441815819480013
consumed today: 43.554902
after eating:fridge + pantry hold: 76
spoiled : 24.0
after throw out:fridge + pantry hold: 52
###########################################
Day 96:
###########################################
before:fridge + pantry hold: 52
basket holds 244: servings
after shopping: fridge + pantry hold: 296
inedible: 1.3999999999999995
plate_waste: 6.917442570701368
plate_waste: 0.05558453934289709
plate_waste: 0.0004466449822146685
consumed today: 70.820319
after eating:fridge + pantry hold: 216.80620708095756
spoiled : 19.995017374629153
spoiled : 16.0
after throw out:fridge + pantry hold: 180.8111897063284
###########################################
Day 97:
###########################################
before:fridge + pantry hold: 180.8111897063284
inedible: 1.1999999999999993
plate_waste: 6.705108689311601
plate_waste: 0.266212229338445
plate_waste: 0.0021391264161548934
consumed today: 70.820180
after eating:fridge + pantry hold: 101.81754973111944
after throw out:fridge + pantry hold: 101.81754973111944
###########################################
Day 98:
###########################################
before:fridge + pantry hold: 101.81754973111944
inedible: 0.5999999999999996
plate_waste: 5.593566607126263
plate_waste: 0.25256653990235955
consumed today: 59.371417
after eating:fridge + pantry hold: 36
after throw out:fridge + pantry hold: 36
###########################################
Day 99:
###########################################
before:fridge + pantry hold: 36
basket holds 38: servings
inedible: 1.1999999999999993
plate_waste: 4.733017898337607
plate_waste: 0.5378429429929099
consumed today: 53.529139
after eating:fridge + pantry hold: 14
after throw out:fridge + pantry hold: 14
