###########################################
Day 0:
###########################################
before:fridge + pantry hold: 0
basket holds 274: servings
after shopping: fridge + pantry hold: 274
inedible: 2.999999999999999
plate_waste: 6.949281134199126
plate_waste: 0.0649007597197565
plate_waste: 0.0006061214866488404
consumed today: 65.572338
after eating:fridge + pantry hold: 198.4128739366181
after throw out:fridge + pantry hold: 198.4128739366181
###########################################
Day 1:
###########################################
before:fridge + pantry hold: 198.4128739366181
inedible: 0.3999999999999999
plate_waste: 2.8605310130986297
plate_waste: 1.9327912250666408
plate_waste: 2.2007247140848136
plate_waste: 0.020553018811579005
plate_waste: 0.00019194885192389747
consumed today: 65.572375
after eating:fridge + pantry hold: 125.42570747044455
after throw out:fridge + pantry hold: 125.42570747044455
###########################################
Day 2:
###########################################
before:fridge + pantry hold: 125.42570747044455
inedible: 0.7999999999999998
plate_waste: 5.141224658677267
plate_waste: 0.5798373675199926
plate_waste: 1.28164927793366
plate_waste: 0.011969585087416162
plate_waste: 0.00011178640649326527
consumed today: 65.572382
after eating:fridge + pantry hold: 52.038533184375844
after throw out:fridge + pantry hold: 52.038533184375844
###########################################
Day 3:
###########################################
before:fridge + pantry hold: 52.038533184375844
plate_waste: 2.19469493732484
plate_waste: 1.1596747350399852
plate_waste: 1.0947739753202281
plate_waste: 0.5798373675199926
basket holds 80: servings
inedible: 0.5999999999999996
plate_waste: 1.967266802626554
consumed today: 65.399029
after eating:fridge + pantry hold: 59.04325606291257
after throw out:fridge + pantry hold: 59.04325606291257
###########################################
Day 4:
###########################################
before:fridge + pantry hold: 59.04325606291257
basket holds 239: servings
after shopping: fridge + pantry hold: 298.0432560629126
plate_waste: 2.3193494700799704
plate_waste: 1.1596747350399852
plate_waste: 1.1596747350399852
plate_waste: 0.4873780532080785
inedible: 5.399999999999997
plate_waste: 1.8710776236888265
consumed today: 65.407506
after eating:fridge + pantry hold: 220.23859562872016
after throw out:fridge + pantry hold: 220.23859562872016
###########################################
Day 5:
###########################################
before:fridge + pantry hold: 220.23859562872016
inedible: 0
plate_waste: 6.949281134199111
plate_waste: 0.06490075971975529
plate_waste: 0.0006061214866488534
consumed today: 65.572338
after eating:fridge + pantry hold: 147.6514695653383
after throw out:fridge + pantry hold: 147.6514695653383
###########################################
Day 6:
###########################################
before:fridge + pantry hold: 147.6514695653383
inedible: 1.1999999999999993
plate_waste: 3.6529754153759484
plate_waste: 2.825605053223107
plate_waste: 0.5312054554046455
plate_waste: 0.004961036538495736
consumed today: 65.571954
after eating:fridge + pantry hold: 73.86476832656027
after throw out:fridge + pantry hold: 73.86476832656027
###########################################
Day 7:
###########################################
before:fridge + pantry hold: 73.86476832656027
inedible: 2.9999999999999982
plate_waste: 4.058861572639941
plate_waste: 0.4701290766778925
consumed today: 42.335778
after eating:fridge + pantry hold: 24
after throw out:fridge + pantry hold: 24
###########################################
Day 8:
###########################################
before:fridge + pantry hold: 24
after shopping: fridge + pantry hold: 24
inedible: 0
plate_waste: 1.7395121025599778
consumed today: 16.260488
after eating:fridge + pantry hold: 6
after throw out:fridge + pantry hold: 6
###########################################
Day 9:
###########################################
before:fridge + pantry hold: 6
inedible: 0
plate_waste: 0.5798373675199926
consumed today: 5.420163
after eating:fridge + pantry hold: 0
after throw out:fridge + pantry hold: 0
###########################################
Day 10:
###########################################
before:fridge + pantry hold: 0
basket holds 70: servings
inedible: 0
plate_waste: 2.899186837599963
plate_waste: 3.8655824501332816
consumed today: 63.235231
after eating:fridge + pantry hold: 0
after throw out:fridge + pantry hold: 0
###########################################
Day 11:
###########################################
before:fridge + pantry hold: 0
basket holds 22: servings
inedible: 0
plate_waste: 0.9663956125333204
plate_waste: 1.1596747350399852
consumed today: 19.873930
after eating:fridge + pantry hold: 0
after throw out:fridge + pantry hold: 0
###########################################
Day 12:
###########################################
before:fridge + pantry hold: 0
basket holds 278: servings
after shopping: fridge + pantry hold: 278
inedible: 11.4
plate_waste: 6.949281134199126
plate_waste: 0.06490075971975662
plate_waste: 0.0006061214866488517
consumed today: 65.572338
after eating:fridge + pantry hold: 194.0128739366181
after throw out:fridge + pantry hold: 194.0128739366181
###########################################
Day 13:
###########################################
before:fridge + pantry hold: 194.0128739366181
plate_waste: 6.949281134199126
plate_waste: 0.0649007597197565
plate_waste: 0.0006061214866488387
inedible: 0
plate_waste: 5.660692697031079e-06
consumed today: 65.572391
after eating:fridge + pantry hold: 121.42568929792165
after throw out:fridge + pantry hold: 121.42568929792165
###########################################
Day 14:
###########################################
before:fridge + pantry hold: 121.42568929792165
basket holds 56: servings
inedible: 0.5999999999999996
plate_waste: 5.547110815941259
plate_waste: 1.4539759222119972
plate_waste: 0.013578978910696204
plate_waste: 0.00012681686501150326
consumed today: 65.572380
after eating:fridge + pantry hold: 104.2385164780833
after throw out:fridge + pantry hold: 104.2385164780833
###########################################
Day 15:
###########################################
before:fridge + pantry hold: 104.2385164780833
inedible: 0
plate_waste: 2.899186837599963
plate_waste: 3.695485932977981
plate_waste: 0.4161973632095535
plate_waste: 0.0038869524119162224
consumed today: 65.572049
after eating:fridge + pantry hold: 31.65171046174747
after throw out:fridge + pantry hold: 31.65171046174747
###########################################
Day 16:
###########################################
before:fridge + pantry hold: 31.65171046174747
after shopping: fridge + pantry hold: 31.65171046174747
inedible: 0
plate_waste: 0.5798373675199926
plate_waste: 1.5164670449920763
plate_waste: 0.38266563190871494
plate_waste: 0.5798373675199926
consumed today: 28.592903
after eating:fridge + pantry hold: 0
after throw out:fridge + pantry hold: 0
###########################################
Day 17:
###########################################
before:fridge + pantry hold: 0
basket holds 54: servings
inedible: 0
plate_waste: 2.899186837599963
plate_waste: 2.3193494700799704
consumed today: 48.781464
after eating:fridge + pantry hold: 0
after throw out:fridge + pantry hold: 0
###########################################
Day 18:
###########################################
before:fridge + pantry hold: 0
basket holds 60: servings
inedible: 1.799999999999999
plate_waste: 5.624422464943926
consumed today: 52.575578
after eating:fridge + pantry hold: 0
after throw out:fridge + pantry hold: 0
###########################################
Day 19:
###########################################
before:fridge + pantry hold: 0
basket holds 68: servings
inedible: 2.1999999999999993
plate_waste: 4.0395336603892815
plate_waste: 2.3193494700799704
consumed today: 59.441117
after eating:fridge + pantry hold: 0
after throw out:fridge + pantry hold: 0
###########################################
Day 20:
###########################################
before:fridge + pantry hold: 0
basket holds 263: servings
after shopping: fridge + pantry hold: 263
inedible: 1.1999999999999993
plate_waste: 5.682406201695926
consumed today: 53.117594
after eating:fridge + pantry hold: 203
after throw out:fridge + pantry hold: 203
###########################################
Day 21:
###########################################
before:fridge + pantry hold: 203
inedible: 0
plate_waste: 3.1891055213599593
consumed today: 29.810894
after eating:fridge + pantry hold: 170
spoiled : 22.0
after throw out:fridge + pantry hold: 148
###########################################
Day 22:
###########################################
before:fridge + pantry hold: 148
inedible: 2.3999999999999986
plate_waste: 4.503403554405274
consumed today: 42.096596
after eating:fridge + pantry hold: 99
spoiled : 36.0
after throw out:fridge + pantry hold: 63
###########################################
Day 23:
###########################################
before:fridge + pantry hold: 63
inedible: 1.1999999999999997
plate_waste: 5.972324885455926
consumed today: 55.827675
after eating:fridge + pantry hold: 0
after throw out:fridge + pantry hold: 0
###########################################
Day 24:
###########################################
before:fridge + pantry hold: 0
basket holds 316: servings
after shopping: fridge + pantry hold: 316
plate_waste: 1.1596747350399852
inedible: 4.399999999999999
plate_waste: 5.8004368390101675
consumed today: 65.061237
after eating:fridge + pantry hold: 239.57865093980664
after throw out:fridge + pantry hold: 239.57865093980664
###########################################
Day 25:
###########################################
before:fridge + pantry hold: 239.57865093980664
inedible: 1.1999999999999993
plate_waste: 6.949281134199126
plate_waste: 0.06490075971975662
plate_waste: 0.00060612148664885
consumed today: 65.572338
after eating:fridge + pantry hold: 165.79152487642475
after throw out:fridge + pantry hold: 165.79152487642475
###########################################
Day 26:
###########################################
before:fridge + pantry hold: 165.79152487642475
plate_waste: 3.5666835795952707
plate_waste: 2.9846596411567496
inedible: 2.0
plate_waste: 0.4591222494957856
consumed today: 65.531932
after eating:fridge + pantry hold: 91.24912733934877
after throw out:fridge + pantry hold: 91.24912733934877
###########################################
Day 27:
###########################################
before:fridge + pantry hold: 91.24912733934877
plate_waste: 1.2803898530641913
inedible: 3.0
plate_waste: 5.680849104195566
consumed today: 65.071776
after eating:fridge + pantry hold: 16.21611242311291
after throw out:fridge + pantry hold: 16.21611242311291
###########################################
Day 28:
###########################################
before:fridge + pantry hold: 16.21611242311291
basket holds 247: servings
after shopping: fridge + pantry hold: 263.2161124231129
inedible: 4.799999999999999
plate_waste: 6.949281134199126
plate_waste: 0.06490075971975662
plate_waste: 0.0006061214866488508
consumed today: 65.572338
after eating:fridge + pantry hold: 185.828986359731
after throw out:fridge + pantry hold: 185.828986359731
###########################################
Day 29:
###########################################
before:fridge + pantry hold: 185.828986359731
inedible: 3.1999999999999984
plate_waste: 4.909289711669267
plate_waste: 2.0858402845659256
plate_waste: 0.019480089596059208
plate_waste: 0.00018192854624507157
consumed today: 65.572375
after eating:fridge + pantry hold: 110.04181891607055
spoiled : 12.0
after throw out:fridge + pantry hold: 98.04181891607055
###########################################
Day 30:
###########################################
before:fridge + pantry hold: 98.04181891607055
inedible: 1.5999999999999996
plate_waste: 5.25719213218126
plate_waste: 1.5663299397714407
plate_waste: 0.1894853323284933
plate_waste: 0.0017696423250672041
consumed today: 65.572236
after eating:fridge + pantry hold: 23.85480635485195
after throw out:fridge + pantry hold: 23.85480635485195
###########################################
Day 31:
###########################################
before:fridge + pantry hold: 23.85480635485195
basket holds 15: servings
inedible: 1.1999999999999993
plate_waste: 1.3336259452959816
plate_waste: 2.3053180199160934
consumed today: 34.015862
after eating:fridge + pantry hold: 0
after throw out:fridge + pantry hold: 0
###########################################
Day 32:
###########################################
before:fridge + pantry hold: 0
basket holds 291: servings
after shopping: fridge + pantry hold: 291
inedible: 2.3999999999999986
plate_waste: 6.949281134199111
plate_waste: 0.06490075971975495
plate_waste: 0.000606121486648817
consumed today: 65.572338
after eating:fridge + pantry hold: 216.01287393661812
after throw out:fridge + pantry hold: 216.01287393661812
###########################################
Day 33:
###########################################
before:fridge + pantry hold: 216.01287393661812
inedible: 4.799999999999997
plate_waste: 6.949281134199126
plate_waste: 0.0649007597197565
plate_waste: 0.0006061214866488404
consumed today: 65.572338
after eating:fridge + pantry hold: 138.6257478732362
after throw out:fridge + pantry hold: 138.6257478732362
###########################################
Day 34:
###########################################
before:fridge + pantry hold: 138.6257478732362
plate_waste: 3.7345686877204685
plate_waste: 0.4533092578061133
plate_waste: 0.5798373675199926
plate_waste: 0.02809518829144747
inedible: 0
plate_waste: 2.1982596893114277
consumed today: 65.378673
after eating:fridge + pantry hold: 66.25300424793026
after throw out:fridge + pantry hold: 66.25300424793026
###########################################
Day 35:
###########################################
before:fridge + pantry hold: 66.25300424793026
basket holds 104: servings
inedible: 0.5999999999999996
plate_waste: 6.949281134199126
plate_waste: 0.0649007597197565
plate_waste: 0.0006061214866488404
consumed today: 65.572338
after eating:fridge + pantry hold: 97.06587818454837
after throw out:fridge + pantry hold: 97.06587818454837
###########################################
Day 36:
###########################################
before:fridge + pantry hold: 97.06587818454837
after shopping: fridge + pantry hold: 97.06587818454837
plate_waste: 0.797566709541865
plate_waste: 3.8000755689268786
plate_waste: 0.2407022230487832
inedible: 0
plate_waste: 2.1561229228705336
consumed today: 65.382387
after eating:fridge + pantry hold: 24.689024092126722
after throw out:fridge + pantry hold: 24.689024092126722
###########################################
Day 37:
###########################################
before:fridge + pantry hold: 24.689024092126722
inedible: 0
plate_waste: 1.4495934187999815
plate_waste: 0.9363430372360888
consumed today: 22.303088
after eating:fridge + pantry hold: 0
after throw out:fridge + pantry hold: 0
###########################################
Day 38:
###########################################
before:fridge + pantry hold: 0
basket holds 60: servings
inedible: 2.0
plate_waste: 4.638698940159941
plate_waste: 0.9663956125333204
consumed today: 52.394905
after eating:fridge + pantry hold: 0
after throw out:fridge + pantry hold: 0
###########################################
Day 39:
###########################################
before:fridge + pantry hold: 0
basket holds 58: servings
inedible: 0.5999999999999996
plate_waste: 3.614319590874615
plate_waste: 1.9327912250666408
consumed today: 51.852889
after eating:fridge + pantry hold: 0
after throw out:fridge + pantry hold: 0
###########################################
Day 40:
###########################################
before:fridge + pantry hold: 0
basket holds 264: servings
after shopping: fridge + pantry hold: 264
inedible: 3.1999999999999993
plate_waste: 6.949281134199126
plate_waste: 0.0649007597197565
plate_waste: 0.0006061214866488421
consumed today: 65.572338
after eating:fridge + pantry hold: 188.2128739366181
spoiled : 23.328424520164937
spoiled : 16.0
after throw out:fridge + pantry hold: 148.88444941645318
###########################################
Day 41:
###########################################
before:fridge + pantry hold: 148.88444941645318
inedible: 5.599999999999998
plate_waste: 6.949281134199126
plate_waste: 0.0649007597197565
plate_waste: 0.0006061214866488395
consumed today: 65.572338
after eating:fridge + pantry hold: 70.69732335307128
after throw out:fridge + pantry hold: 70.69732335307128
###########################################
Day 42:
###########################################
before:fridge + pantry hold: 70.69732335307128
basket holds 30: servings
inedible: 0.3999999999999999
plate_waste: 4.020205748138615
plate_waste: 2.966620910877449
plate_waste: 0.02770588024838233
plate_waste: 0.00025875088978277077
consumed today: 65.572369
after eating:fridge + pantry hold: 27.710163403477022
after throw out:fridge + pantry hold: 27.710163403477022
###########################################
Day 43:
###########################################
before:fridge + pantry hold: 27.710163403477022
plate_waste: 0.18335322164781465
plate_waste: 1.334870076882357
inedible: 0
plate_waste: 1.1596747350399852
consumed today: 25.032265
after eating:fridge + pantry hold: 0
after throw out:fridge + pantry hold: 0
###########################################
Day 44:
###########################################
before:fridge + pantry hold: 0
after shopping: fridge + pantry hold: 0
inedible: 0
consumed today: 0.000000
after eating:fridge + pantry hold: 0
after throw out:fridge + pantry hold: 0
###########################################
Day 45:
###########################################
before:fridge + pantry hold: 0
basket holds 152.0: servings
inedible: 1.1999999999999993
plate_waste: 6.842080936735904
plate_waste: 0.1710997925843445
plate_waste: 0.0015979360040520498
consumed today: 65.572251
after eating:fridge + pantry hold: 78.21297068872566
spoiled : 78.21297068872566
after throw out:fridge + pantry hold: 0
###########################################
Day 46:
###########################################
before:fridge + pantry hold: 0
basket holds 50: servings
inedible: 0
plate_waste: 4.252140695146608
plate_waste: 0.5798373675199926
consumed today: 45.168022
after eating:fridge + pantry hold: 0
after throw out:fridge + pantry hold: 0
###########################################
Day 47:
###########################################
before:fridge + pantry hold: 0
basket holds 64.0: servings
inedible: 2.0
plate_waste: 4.058861572639948
plate_waste: 1.9327912250666408
consumed today: 56.008347
after eating:fridge + pantry hold: 0
after throw out:fridge + pantry hold: 0
###########################################
Day 48:
###########################################
before:fridge + pantry hold: 0
basket holds 326: servings
after shopping: fridge + pantry hold: 326
inedible: 8.799999999999997
plate_waste: 6.949281134199126
plate_waste: 0.0649007597197565
plate_waste: 0.0006061214866488404
consumed today: 65.572338
after eating:fridge + pantry hold: 244.6128739366181
after throw out:fridge + pantry hold: 244.6128739366181
###########################################
Day 49:
###########################################
before:fridge + pantry hold: 244.6128739366181
inedible: 2.0
plate_waste: 6.949281134199126
plate_waste: 0.0649007597197565
plate_waste: 0.0006061214866488404
consumed today: 65.572338
after eating:fridge + pantry hold: 170.02574787323618
after throw out:fridge + pantry hold: 170.02574787323618
###########################################
Day 50:
###########################################
before:fridge + pantry hold: 170.02574787323618
plate_waste: 1.0286609726271738
plate_waste: 5.3432710572246975
plate_waste: 0.5886046435607781
inedible: 0
plate_waste: 0.05375033829206266
consumed today: 65.567655
after eating:fridge + pantry hold: 97.44380606042736
after throw out:fridge + pantry hold: 97.44380606042736
###########################################
Day 51:
###########################################
before:fridge + pantry hold: 97.44380606042736
inedible: 0
plate_waste: 6.949281134199126
plate_waste: 0.06490075971975662
plate_waste: 0.0006061214866488517
consumed today: 65.572338
after eating:fridge + pantry hold: 24.856679997045454
after throw out:fridge + pantry hold: 24.856679997045454
###########################################
Day 52:
###########################################
before:fridge + pantry hold: 24.856679997045454
basket holds 294: servings
after shopping: fridge + pantry hold: 318.85667999704543
inedible: 6.599999999999996
plate_waste: 6.949281134199111
plate_waste: 0.06490075971975495
plate_waste: 0.0006061214866488179
consumed today: 65.572338
after eating:fridge + pantry hold: 239.66955393366356
after throw out:fridge + pantry hold: 239.66955393366356
###########################################
Day 53:
###########################################
before:fridge + pantry hold: 239.66955393366356
inedible: 4.799999999999997
plate_waste: 6.88073676123723
plate_waste: 0.13280498274471197
plate_waste: 0.0012402929322119366
consumed today: 65.572282
after eating:fridge + pantry hold: 162.28248973409075
spoiled : 10.0
after throw out:fridge + pantry hold: 152.28248973409075
###########################################
Day 54:
###########################################
before:fridge + pantry hold: 152.28248973409075
basket holds 3: servings
inedible: 0.5999999999999996
plate_waste: 2.841203100847963
plate_waste: 2.2637527173690444
plate_waste: 1.8920015438595037
plate_waste: 0.017669789898575844
plate_waste: 0.00016502178662228207
consumed today: 65.572377
after eating:fridge + pantry hold: 82.09532064116563
after throw out:fridge + pantry hold: 82.09532064116563
###########################################
Day 55:
###########################################
before:fridge + pantry hold: 82.09532064116563
plate_waste: 0.13714563882769015
plate_waste: 0.9663956125333204
plate_waste: 0.833590629788608
plate_waste: 0.8838250629149904
plate_waste: 3.0832680373292796
inedible: 0
plate_waste: 1.100196919087244
consumed today: 65.475438
after eating:fridge + pantry hold: 9.615460326820237
after throw out:fridge + pantry hold: 9.615460326820237
###########################################
Day 56:
###########################################
before:fridge + pantry hold: 9.615460326820237
basket holds 276: servings
after shopping: fridge + pantry hold: 285.61546032682025
inedible: 5.399999999999998
plate_waste: 6.94928113419914
plate_waste: 0.06490075971975806
plate_waste: 0.0006061214866488647
consumed today: 65.572338
after eating:fridge + pantry hold: 207.62833426343835
after throw out:fridge + pantry hold: 207.62833426343835
###########################################
Day 57:
###########################################
before:fridge + pantry hold: 207.62833426343835
plate_waste: 0.5798373675199926
plate_waste: 0.574414423752974
plate_waste: 2.318743348593319
plate_waste: 1.1596747350399852
plate_waste: 2.3598767120218547
plate_waste: 0.022039371914520767
plate_waste: 0.00020583020795624982
inedible: 0
plate_waste: 1.9222904659728646e-06
consumed today: 65.572391
after eating:fridge + pantry hold: 135.0411492600585
after throw out:fridge + pantry hold: 135.0411492600585
###########################################
Day 58:
###########################################
before:fridge + pantry hold: 135.0411492600585
plate_waste: 6.94928113419914
plate_waste: 0.06490075971975817
plate_waste: 0.0006061214866488777
inedible: 0
plate_waste: 5.660692697031723e-06
consumed today: 65.572391
after eating:fridge + pantry hold: 62.45396462136205
after throw out:fridge + pantry hold: 62.45396462136205
###########################################
Day 59:
###########################################
before:fridge + pantry hold: 62.45396462136205
basket holds 133.0: servings
inedible: 4.899999999999999
plate_waste: 6.949281134199126
plate_waste: 0.0649007597197565
plate_waste: 0.0006061214866488404
consumed today: 65.572338
after eating:fridge + pantry hold: 117.96683855798014
after throw out:fridge + pantry hold: 117.96683855798014
###########################################
Day 60:
###########################################
before:fridge + pantry hold: 117.96683855798014
basket holds 148: servings
after shopping: fridge + pantry hold: 265.96683855798017
plate_waste: 3.7161818524427517
plate_waste: 2.3193494700799704
plate_waste: 0.9701168747696602
plate_waste: 0.009060120172669162
inedible: 0
plate_waste: 8.461431779825126e-05
consumed today: 65.572384
after eating:fridge + pantry hold: 193.3796616212577
after throw out:fridge + pantry hold: 193.3796616212577
###########################################
Day 61:
###########################################
before:fridge + pantry hold: 193.3796616212577
inedible: 8.999999999999995
plate_waste: 6.949281134199126
plate_waste: 0.0649007597197565
plate_waste: 0.0006061214866488395
consumed today: 65.572338
after eating:fridge + pantry hold: 111.7925355578758
spoiled : 1.8677218259925232
after throw out:fridge + pantry hold: 109.92481373188326
###########################################
Day 62:
###########################################
before:fridge + pantry hold: 109.92481373188326
basket holds 72: servings
inedible: 0
plate_waste: 6.949281134199126
plate_waste: 0.0649007597197564
plate_waste: 0.0006061214866488274
consumed today: 65.572338
after eating:fridge + pantry hold: 109.33768766850136
after throw out:fridge + pantry hold: 109.33768766850136
###########################################
Day 63:
###########################################
before:fridge + pantry hold: 109.33768766850136
basket holds 30.0: servings
inedible: 0.5999999999999996
plate_waste: 1.9714470495679706
plate_waste: 2.6815130329478976
plate_waste: 1.1596690743472866
plate_waste: 1.1909373114539186
plate_waste: 0.011122407454719763
plate_waste: 0.00010387444108017987
consumed today: 65.572382
after eating:fridge + pantry hold: 66.15051261061564
after throw out:fridge + pantry hold: 66.15051261061564
###########################################
Day 64:
###########################################
before:fridge + pantry hold: 66.15051261061564
after shopping: fridge + pantry hold: 66.15051261061564
inedible: 0
plate_waste: 1.842118349184389
plate_waste: 1.9327066107488413
plate_waste: 2.3192455956388898
plate_waste: 0.2986859598007805
consumed today: 59.757756
after eating:fridge + pantry hold: 0
after throw out:fridge + pantry hold: 0
###########################################
Day 65:
###########################################
before:fridge + pantry hold: 0
inedible: 0
consumed today: 0.000000
after eating:fridge + pantry hold: 0
after throw out:fridge + pantry hold: 0
###########################################
Day 66:
###########################################
before:fridge + pantry hold: 0
basket holds 56: servings
inedible: 0
plate_waste: 4.252140695146608
plate_waste: 1.1596747350399852
consumed today: 50.588185
after eating:fridge + pantry hold: 0
after throw out:fridge + pantry hold: 0
###########################################
Day 67:
###########################################
before:fridge + pantry hold: 0
basket holds 18: servings
inedible: 1.799999999999999
plate_waste: 1.5655608923039797
consumed today: 14.634439
after eating:fridge + pantry hold: 0
after throw out:fridge + pantry hold: 0
###########################################
Day 68:
###########################################
before:fridge + pantry hold: 0
basket holds 310: servings
after shopping: fridge + pantry hold: 310
plate_waste: 1.1596747350399852
plate_waste: 1.1596747350399852
plate_waste: 1.1596747350399852
plate_waste: 1.1596747350399852
plate_waste: 1.9327912250666408
inedible: 0
plate_waste: 0.4391634614617663
consumed today: 65.533691
after eating:fridge + pantry hold: 237.4556554710494
after throw out:fridge + pantry hold: 237.4556554710494
###########################################
Day 69:
###########################################
before:fridge + pantry hold: 237.4556554710494
inedible: 0
plate_waste: 6.3782110427199115
plate_waste: 0.6306375106599225
plate_waste: 0.00588965286613366
consumed today: 65.571872
after eating:fridge + pantry hold: 164.8690448193572
after throw out:fridge + pantry hold: 164.8690448193572
###########################################
Day 70:
###########################################
before:fridge + pantry hold: 164.8690448193572
plate_waste: 0.8571006000788177
inedible: 2.9999999999999982
plate_waste: 4.5420593789066
consumed today: 50.469885
after eating:fridge + pantry hold: 106
after throw out:fridge + pantry hold: 106
###########################################
Day 71:
###########################################
before:fridge + pantry hold: 106
inedible: 1.1999999999999993
plate_waste: 6.949281134199111
plate_waste: 0.06490075971975873
plate_waste: 0.0006061214866492515
consumed today: 65.572338
after eating:fridge + pantry hold: 32.21287393661811
after throw out:fridge + pantry hold: 32.21287393661811
###########################################
Day 72:
###########################################
before:fridge + pantry hold: 32.21287393661811
after shopping: fridge + pantry hold: 32.21287393661811
inedible: 0
plate_waste: 3.092465960106626
plate_waste: 0.020572043837044612
consumed today: 29.099836
after eating:fridge + pantry hold: 0
after throw out:fridge + pantry hold: 0
###########################################
Day 73:
###########################################
before:fridge + pantry hold: 0
basket holds 54: servings
inedible: 0
plate_waste: 2.899186837599963
plate_waste: 2.3193494700799704
consumed today: 48.781464
after eating:fridge + pantry hold: 0
after throw out:fridge + pantry hold: 0
###########################################
Day 74:
###########################################
before:fridge + pantry hold: 0
basket holds 26: servings
inedible: 0
plate_waste: 2.5126285925866334
consumed today: 23.487371
after eating:fridge + pantry hold: 0
after throw out:fridge + pantry hold: 0
###########################################
Day 75:
###########################################
before:fridge + pantry hold: 0
basket holds 38: servings
inedible: 1.1999999999999993
plate_waste: 3.556335854122615
consumed today: 33.243664
after eating:fridge + pantry hold: 0
after throw out:fridge + pantry hold: 0
###########################################
Day 76:
###########################################
before:fridge + pantry hold: 0
basket holds 281: servings
after shopping: fridge + pantry hold: 281
inedible: 0.5999999999999996
plate_waste: 6.949281134199126
plate_waste: 0.0649007597197565
plate_waste: 0.0006061214866488404
consumed today: 65.572338
after eating:fridge + pantry hold: 207.8128739366181
after throw out:fridge + pantry hold: 207.8128739366181
###########################################
Day 77:
###########################################
before:fridge + pantry hold: 207.8128739366181
plate_waste: 1.1596747350399852
plate_waste: 1.0947739753202281
plate_waste: 1.1590686135533357
plate_waste: 3.5676433476593488
plate_waste: 0.03331895187442485
plate_waste: 0.0003111725152511618
inedible: 0
plate_waste: 2.9061038478242597e-06
consumed today: 65.572391
after eating:fridge + pantry hold: 135.22568902920986
after throw out:fridge + pantry hold: 135.22568902920986
###########################################
Day 78:
###########################################
before:fridge + pantry hold: 135.22568902920986
inedible: 0
plate_waste: 5.411815430186593
plate_waste: 1.5880077566507182
plate_waste: 0.014830729662138026
plate_waste: 0.00013850722163682278
consumed today: 65.572379
after eating:fridge + pantry hold: 62.638517349772876
after throw out:fridge + pantry hold: 62.638517349772876
###########################################
Day 79:
###########################################
before:fridge + pantry hold: 62.638517349772876
inedible: 0
plate_waste: 5.76344305658516
plate_waste: 0.28991577765614807
consumed today: 56.585159
after eating:fridge + pantry hold: 0
after throw out:fridge + pantry hold: 0
###########################################
Day 80:
###########################################
before:fridge + pantry hold: 0
basket holds 288: servings
after shopping: fridge + pantry hold: 288
plate_waste: 1.9327912250666408
plate_waste: 1.9327912250666408
inedible: 1.1999999999999993
plate_waste: 3.1198001502359745
consumed today: 65.297464
after eating:fridge + pantry hold: 214.51715320542803
after throw out:fridge + pantry hold: 214.51715320542803
###########################################
Day 81:
###########################################
before:fridge + pantry hold: 214.51715320542803
inedible: 2.3999999999999986
plate_waste: 6.949281134199111
plate_waste: 0.06490075971975506
plate_waste: 0.0006061214866488283
consumed today: 65.572338
after eating:fridge + pantry hold: 139.53002714204612
after throw out:fridge + pantry hold: 139.53002714204612
###########################################
Day 82:
###########################################
before:fridge + pantry hold: 139.53002714204612
inedible: 0
plate_waste: 6.949281134199126
plate_waste: 0.0649007597197565
plate_waste: 0.0006061214866488404
consumed today: 65.572338
after eating:fridge + pantry hold: 66.94290107866422
after throw out:fridge + pantry hold: 66.94290107866422
###########################################
Day 83:
###########################################
before:fridge + pantry hold: 66.94290107866422
plate_waste: 3.46349478278686
plate_waste: 0.008767276040783992
plate_waste: 2.9970705304396645
basket holds 138: servings
inedible: 2.0
plate_waste: 0.5403669668973459
consumed today: 65.524773
after eating:fridge + pantry hold: 130.40842901303304
spoiled : 12.0
after throw out:fridge + pantry hold: 118.40842901303304
###########################################
Day 84:
###########################################
before:fridge + pantry hold: 118.40842901303304
basket holds 164: servings
after shopping: fridge + pantry hold: 282.408429013033
inedible: 9.599999999999998
plate_waste: 6.949281134199111
plate_waste: 0.06490075971975495
plate_waste: 0.000606121486648817
consumed today: 65.572338
after eating:fridge + pantry hold: 200.22130294965112
after throw out:fridge + pantry hold: 200.22130294965112
###########################################
Day 85:
###########################################
before:fridge + pantry hold: 200.22130294965112
inedible: 0
plate_waste: 0.7731164900266565
plate_waste: 3.8655824501332816
plate_waste: 2.3539039534433357
plate_waste: 0.021983591098939326
plate_waste: 0.00020530925949566246
consumed today: 65.572373
after eating:fridge + pantry hold: 127.63413778679346
after throw out:fridge + pantry hold: 127.63413778679346
###########################################
Day 86:
###########################################
before:fridge + pantry hold: 127.63413778679346
plate_waste: 1.932185103579993
plate_waste: 1.1991451356626293
plate_waste: 3.847195029354829
plate_waste: 0.03592974228174878
plate_waste: 0.00033555522155303023
inedible: 0
consumed today: 65.572362
after eating:fridge + pantry hold: 55.046985329508345
after throw out:fridge + pantry hold: 55.046985329508345
###########################################
Day 87:
###########################################
before:fridge + pantry hold: 55.046985329508345
basket holds 84: servings
inedible: 0
plate_waste: 5.798373675199926
plate_waste: 1.2050596582543953
plate_waste: 0.011254298943735613
plate_waste: 0.00010510620270737692
consumed today: 65.572382
after eating:fridge + pantry hold: 66.4598103917817
after throw out:fridge + pantry hold: 66.4598103917817
###########################################
Day 88:
###########################################
before:fridge + pantry hold: 66.4598103917817
basket holds 218.0: servings
after shopping: fridge + pantry hold: 284.45981039178173
inedible: 2.3999999999999986
plate_waste: 5.1798804831786
plate_waste: 1.8177766156884978
plate_waste: 0.016976588093177564
plate_waste: 0.00015854783299446397
consumed today: 65.572377
after eating:fridge + pantry hold: 209.4726406673185
after throw out:fridge + pantry hold: 209.4726406673185
###########################################
Day 89:
###########################################
before:fridge + pantry hold: 209.4726406673185
plate_waste: 2.3022677757840846
plate_waste: 2.285467389842662
plate_waste: 1.9327912250666408
inedible: 0
plate_waste: 0.4896512748672466
consumed today: 65.529242
after eating:fridge + pantry hold: 136.9332212551786
after throw out:fridge + pantry hold: 136.9332212551786
###########################################
Day 90:
###########################################
before:fridge + pantry hold: 136.9332212551786
inedible: 0.5999999999999996
plate_waste: 6.94928113419914
plate_waste: 0.06490075971975806
plate_waste: 0.0006061214866488647
consumed today: 65.572338
after eating:fridge + pantry hold: 63.74609519179671
after throw out:fridge + pantry hold: 63.74609519179671
###########################################
Day 91:
###########################################
before:fridge + pantry hold: 63.74609519179671
basket holds 36: servings
inedible: 2.3999999999999986
plate_waste: 3.2470892581119557
plate_waste: 3.732517107670084
plate_waste: 0.034858741685185934
plate_waste: 0.000325552927641643
consumed today: 65.572363
after eating:fridge + pantry hold: 24.75894175878175
after throw out:fridge + pantry hold: 24.75894175878175
###########################################
Day 92:
###########################################
before:fridge + pantry hold: 24.75894175878175
after shopping: fridge + pantry hold: 24.75894175878175
plate_waste: 1.7945139005998954
plate_waste: 0.5981793680655727
inedible: 0
consumed today: 22.366248
after eating:fridge + pantry hold: 0
after throw out:fridge + pantry hold: 0
###########################################
Day 93:
###########################################
before:fridge + pantry hold: 0
inedible: 0
consumed today: 0.000000
after eating:fridge + pantry hold: 0
after throw out:fridge + pantry hold: 0
###########################################
Day 94:
###########################################
before:fridge + pantry hold: 0
basket holds 82: servings
inedible: 0
plate_waste: 5.605094552693259
plate_waste: 1.3965337074525515
plate_waste: 0.013042514302936167
plate_waste: 0.0001218067121720953
consumed today: 65.572381
after eating:fridge + pantry hold: 9.41282669141819
after throw out:fridge + pantry hold: 9.41282669141819
###########################################
Day 95:
###########################################
before:fridge + pantry hold: 9.41282669141819
plate_waste: 0.9096514416123078
basket holds 48: servings
inedible: 0
plate_waste: 4.638698940159934
consumed today: 51.864476
after eating:fridge + pantry hold: 0
after throw out:fridge + pantry hold: 0
###########################################
Day 96:
###########################################
before:fridge + pantry hold: 0
basket holds 292: servings
after shopping: fridge + pantry hold: 292
inedible: 7.199999999999998
plate_waste: 6.949281134199126
plate_waste: 0.06490075971975662
plate_waste: 0.0006061214866488526
consumed today: 65.572338
after eating:fridge + pantry hold: 212.2128739366181
spoiled : 4.0
after throw out:fridge + pantry hold: 208.2128739366181
###########################################
Day 97:
###########################################
before:fridge + pantry hold: 208.2128739366181
basket holds 72: servings
inedible: 2.1999999999999993
plate_waste: 6.938720497989237
plate_waste: 0.0753627679852662
plate_waste: 0.0007038283244517607
consumed today: 65.572329
after eating:fridge + pantry hold: 205.42575740459748
after throw out:fridge + pantry hold: 205.42575740459748
###########################################
Day 98:
###########################################
before:fridge + pantry hold: 205.42575740459748
plate_waste: 2.318743348593319
plate_waste: 4.652193004615185
plate_waste: 0.04344778323567672
plate_waste: 0.00040576774571082254
inedible: 0
plate_waste: 3.78954807811804e-06
consumed today: 65.572391
after eating:fridge + pantry hold: 132.83857258336974
after throw out:fridge + pantry hold: 132.83857258336974
###########################################
Day 99:
###########################################
before:fridge + pantry hold: 132.83857258336974
inedible: 0
plate_waste: 4.8319780626666
plate_waste: 2.16242990424519
plate_waste: 0.020195375739740035
plate_waste: 0.00018860875003097314
consumed today: 65.572375
after eating:fridge + pantry hold: 60.25140579136725
after throw out:fridge + pantry hold: 60.25140579136725
###########################################
Day 0:
###########################################
before:fridge + pantry hold: 0
basket holds 282: servings
after shopping: fridge + pantry hold: 282
inedible: 1.1999999999999993
plate_waste: 5.413683186917673
plate_waste: 1.1437358845600727
plate_waste: 0.4416693445677131
plate_waste: 0.00401223404908016
consumed today: 66.472961
after eating:fridge + pantry hold: 207.3239388432246
after throw out:fridge + pantry hold: 207.3239388432246
###########################################
Day 1:
###########################################
before:fridge + pantry hold: 207.3239388432246
inedible: 1.799999999999999
plate_waste: 5.356496392689678
plate_waste: 1.1437358845600727
plate_waste: 0.49833663975014986
plate_waste: 0.004527013836259634
consumed today: 66.472916
after eating:fridge + pantry hold: 132.0479272005909
after throw out:fridge + pantry hold: 132.0479272005909
###########################################
Day 2:
###########################################
before:fridge + pantry hold: 132.0479272005909
plate_waste: 1.9022142402177096
plate_waste: 0.6453992448099237
plate_waste: 1.460030115862816
plate_waste: 0.5718679422800363
plate_waste: 0.5718679422800363
inedible: 2.3999999999999986
plate_waste: 1.8349361176958894
consumed today: 66.313638
after eating:fridge + pantry hold: 56.34797362782743
after throw out:fridge + pantry hold: 56.34797362782743
###########################################
Day 3:
###########################################
before:fridge + pantry hold: 56.34797362782743
plate_waste: 2.5112602436323925
basket holds 90: servings
inedible: 0
plate_waste: 4.451071860441836
consumed today: 66.085988
after eating:fridge + pantry hold: 73.29965331476272
spoiled : 24.0
after throw out:fridge + pantry hold: 49.29965331476272
###########################################
Day 4:
###########################################
before:fridge + pantry hold: 49.29965331476272
basket holds 251: servings
after shopping: fridge + pantry hold: 300.29965331476274
inedible: 7.999999999999998
plate_waste: 6.939519192153739
plate_waste: 0.06304031631232287
plate_waste: 0.0005726738943601529
consumed today: 66.473260
after eating:fridge + pantry hold: 218.82326132357394
after throw out:fridge + pantry hold: 218.82326132357394
###########################################
Day 5:
###########################################
before:fridge + pantry hold: 218.82326132357394
plate_waste: 1.9062264742667878
plate_waste: 1.9062264742667878
plate_waste: 0.5088276259677142
plate_waste: 1.905653800372427
plate_waste: 0.31449432522513954
plate_waste: 0.4575144554405419
plate_waste: 0.004156174972617992
inedible: 0
plate_waste: 3.775572596145224e-05
consumed today: 66.473306
after eating:fridge + pantry hold: 145.34681788123146
after throw out:fridge + pantry hold: 145.34681788123146
###########################################
Day 6:
###########################################
before:fridge + pantry hold: 145.34681788123146
plate_waste: 0.4955987816928529
plate_waste: 1.90207029929417
plate_waste: 3.8124529485335756
plate_waste: 0.7858114539174199
plate_waste: 0.007138506464944933
inedible: 0
plate_waste: 6.484796613236566e-05
consumed today: 66.473304
after eating:fridge + pantry hold: 71.87037704475857
after throw out:fridge + pantry hold: 71.87037704475857
###########################################
Day 7:
###########################################
before:fridge + pantry hold: 71.87037704475857
basket holds 24: servings
inedible: 0
plate_waste: 3.907764272246922
plate_waste: 0.5718679422800363
plate_waste: 1.7986632187978486
plate_waste: 0.7182573542495607
plate_waste: 0.006524828241233058
consumed today: 66.472742
after eating:fridge + pantry hold: 22.39455756208918
after throw out:fridge + pantry hold: 22.39455756208918
###########################################
Day 8:
###########################################
before:fridge + pantry hold: 22.39455756208918
basket holds 248: servings
after shopping: fridge + pantry hold: 270.3945575620892
plate_waste: 0.5653431140388037
plate_waste: 1.1437358845600727
plate_waste: 1.9062264742667878
plate_waste: 0.19058489170071757
plate_waste: 0.28586912317388613
plate_waste: 0.23485588288383363
plate_waste: 1.9062264742667878
inedible: 2.0
plate_waste: 0.7632980309941928
consumed today: 66.406889
after eating:fridge + pantry hold: 194.9915283803013
after throw out:fridge + pantry hold: 194.9915283803013
###########################################
Day 9:
###########################################
before:fridge + pantry hold: 194.9915283803013
inedible: 4.199999999999999
plate_waste: 6.939519192153739
plate_waste: 0.06304031631232287
plate_waste: 0.000572673894360152
consumed today: 66.473260
after eating:fridge + pantry hold: 117.31513638911255
after throw out:fridge + pantry hold: 117.31513638911255
###########################################
Day 10:
###########################################
before:fridge + pantry hold: 117.31513638911255
inedible: 2.0
plate_waste: 6.767103983647104
plate_waste: 0.23388926223211515
plate_waste: 0.002124708162755614
consumed today: 66.473125
after eating:fridge + pantry hold: 41.838893680484226
after throw out:fridge + pantry hold: 41.838893680484226
###########################################
Day 11:
###########################################
before:fridge + pantry hold: 41.838893680484226
basket holds 70: servings
inedible: 3.599999999999998
plate_waste: 5.375558657432343
plate_waste: 1.4282423559831106
plate_waste: 0.1975255973987431
plate_waste: 0.0017943715976571246
consumed today: 66.473153
after eating:fridge + pantry hold: 34.76261919840268
after throw out:fridge + pantry hold: 34.76261919840268
###########################################
Day 12:
###########################################
before:fridge + pantry hold: 34.76261919840268
basket holds 253: servings
after shopping: fridge + pantry hold: 287.76261919840266
inedible: 2.3999999999999986
plate_waste: 6.939519192153725
plate_waste: 0.06304031631232132
plate_waste: 0.0005726738943601303
consumed today: 66.473260
after eating:fridge + pantry hold: 211.88622720721395
after throw out:fridge + pantry hold: 211.88622720721395
###########################################
Day 13:
###########################################
before:fridge + pantry hold: 211.88622720721395
plate_waste: 2.4940706216011783
plate_waste: 0.7555876397346513
plate_waste: 0.6472621754280912
inedible: 2.3999999999999986
plate_waste: 3.0779993487414927
consumed today: 66.205470
after eating:fridge + pantry hold: 136.305837786925
after throw out:fridge + pantry hold: 136.305837786925
###########################################
Day 14:
###########################################
before:fridge + pantry hold: 136.305837786925
inedible: 0.5999999999999996
plate_waste: 3.850577478018913
plate_waste: 2.0306876022935043
consumed today: 55.824573
after eating:fridge + pantry hold: 74
after throw out:fridge + pantry hold: 74
###########################################
Day 15:
###########################################
before:fridge + pantry hold: 74
inedible: 1.1999999999999993
plate_waste: 4.651192597210958
consumed today: 44.148807
after eating:fridge + pantry hold: 24
spoiled : 6.0
after throw out:fridge + pantry hold: 18
###########################################
Day 16:
###########################################
before:fridge + pantry hold: 18
basket holds 264: servings
after shopping: fridge + pantry hold: 282
inedible: 0
plate_waste: 3.7171416248202434
plate_waste: 1.1437358845600727
plate_waste: 1.1437358845600727
plate_waste: 0.9894531979979302
plate_waste: 0.008988438658481354
consumed today: 66.472527
after eating:fridge + pantry hold: 208.5244174799277
after throw out:fridge + pantry hold: 208.5244174799277
###########################################
Day 17:
###########################################
before:fridge + pantry hold: 208.5244174799277
inedible: 0
plate_waste: 3.8124529485335756
plate_waste: 1.9062264742667878
plate_waste: 0.15428268656214272
plate_waste: 1.1199085296008366
plate_waste: 0.010173527299517787
consumed today: 66.472424
after eating:fridge + pantry hold: 135.04894894771653
after throw out:fridge + pantry hold: 135.04894894771653
###########################################
Day 18:
###########################################
before:fridge + pantry hold: 135.04894894771653
plate_waste: 0.004665389001237835
inedible: 4.1999999999999975
plate_waste: 6.080862452911049
consumed today: 57.763421
after eating:fridge + pantry hold: 67
after throw out:fridge + pantry hold: 67
###########################################
Day 19:
###########################################
before:fridge + pantry hold: 67
inedible: 0
plate_waste: 5.813990746513703
consumed today: 55.186009
after eating:fridge + pantry hold: 6
after throw out:fridge + pantry hold: 6
###########################################
Day 20:
###########################################
before:fridge + pantry hold: 6
after shopping: fridge + pantry hold: 6
inedible: 0
plate_waste: 0.5718679422800363
consumed today: 5.428132
after eating:fridge + pantry hold: 0
after throw out:fridge + pantry hold: 0
###########################################
Day 21:
###########################################
before:fridge + pantry hold: 0
basket holds 94: servings
inedible: 2.0
plate_waste: 5.528056775373685
plate_waste: 1.4616806578515646
plate_waste: 0.013278270218309934
plate_waste: 0.0001206231053570957
consumed today: 66.473299
after eating:fridge + pantry hold: 18.523564528264075
spoiled : 8.662879246610093
after throw out:fridge + pantry hold: 9.860685281653984
###########################################
Day 22:
###########################################
before:fridge + pantry hold: 9.860685281653984
basket holds 88: servings
inedible: 3.0
plate_waste: 5.813990746513703
plate_waste: 1.1437358845600727
plate_waste: 0.04499827829066
plate_waste: 0.0004087755388241408
consumed today: 66.473274
after eating:fridge + pantry hold: 21.384277525886667
after throw out:fridge + pantry hold: 21.384277525886667
###########################################
Day 23:
###########################################
before:fridge + pantry hold: 21.384277525886667
basket holds 20: servings
inedible: 0
plate_waste: 0.9531132371333939
plate_waste: 1.14332710902125
plate_waste: 0.8948366886244248
plate_waste: 0.9531132371333939
consumed today: 37.439887
after eating:fridge + pantry hold: 0
after throw out:fridge + pantry hold: 0
###########################################
Day 24:
###########################################
before:fridge + pantry hold: 0
basket holds 310: servings
after shopping: fridge + pantry hold: 310
inedible: 8.399999999999999
plate_waste: 6.9395191921537105
plate_waste: 0.06304031631231988
plate_waste: 0.0005726738943601182
consumed today: 66.473260
after eating:fridge + pantry hold: 228.12360800881123
after throw out:fridge + pantry hold: 228.12360800881123
###########################################
Day 25:
###########################################
before:fridge + pantry hold: 228.12360800881123
basket holds 18: servings
inedible: 0.19999999999999996
plate_waste: 4.555881273497626
plate_waste: 1.9056538003724306
plate_waste: 0.5366823081208754
plate_waste: 0.004875355413876438
consumed today: 66.472885
after eating:fridge + pantry hold: 172.44762987144458
spoiled : 4.0
after throw out:fridge + pantry hold: 168.44762987144458
###########################################
Day 26:
###########################################
before:fridge + pantry hold: 168.44762987144458
plate_waste: 1.9062264742667878
plate_waste: 5.050609352739173
plate_waste: 0.045880990073005556
plate_waste: 0.0004167943119452733
inedible: 0
plate_waste: 3.786263073083541e-06
consumed today: 66.473309
after eating:fridge + pantry hold: 94.97118316174611
after throw out:fridge + pantry hold: 94.97118316174611
###########################################
Day 27:
###########################################
before:fridge + pantry hold: 94.97118316174611
inedible: 1.3999999999999997
plate_waste: 2.154035915921469
plate_waste: 3.396193861543054
plate_waste: 1.4397090808201067
plate_waste: 0.01307867495420155
plate_waste: 0.00011880993239288522
consumed today: 66.473299
after eating:fridge + pantry hold: 20.09474751560998
after throw out:fridge + pantry hold: 20.09474751560998
###########################################
Day 28:
###########################################
before:fridge + pantry hold: 20.09474751560998
basket holds 268: servings
after shopping: fridge + pantry hold: 288.09474751561
inedible: 4.399999999999999
plate_waste: 6.939519192153725
plate_waste: 0.06304031631232132
plate_waste: 0.0005726738943601303
consumed today: 66.473260
after eating:fridge + pantry hold: 210.21835552442124
spoiled : 69.19410965978929
spoiled : 6.0
after throw out:fridge + pantry hold: 135.02424586463195
###########################################
Day 29:
###########################################
before:fridge + pantry hold: 135.02424586463195
inedible: 3.5999999999999988
plate_waste: 5.375558657432343
plate_waste: 1.612793445004728
plate_waste: 0.01465101631745519
plate_waste: 0.0001330934719502839
consumed today: 66.473298
after eating:fridge + pantry hold: 57.94781159235938
spoiled : 5.846242796662814
after throw out:fridge + pantry hold: 52.101568795696565
###########################################
Day 30:
###########################################
before:fridge + pantry hold: 52.101568795696565
basket holds 32: servings
inedible: 1.1999999999999993
plate_waste: 2.5543434755174985
plate_waste: 3.037411232911669
plate_waste: 1.3985613726443162
plate_waste: 0.012704878950890286
plate_waste: 0.00011541427663741511
consumed today: 66.473300
after eating:fridge + pantry hold: 9.425132822948955
spoiled : 4.233254364904953
after throw out:fridge + pantry hold: 5.191878458044002
###########################################
Day 31:
###########################################
before:fridge + pantry hold: 5.191878458044002
basket holds 72: servings
inedible: 0
plate_waste: 1.9062264742667878
plate_waste: 3.8124529485335756
plate_waste: 1.1437358845600727
plate_waste: 0.1394437702613871
plate_waste: 0.001266741850789871
consumed today: 66.473199
after eating:fridge + pantry hold: 3.715553225846188
after throw out:fridge + pantry hold: 3.715553225846188
###########################################
Day 32:
###########################################
before:fridge + pantry hold: 3.715553225846188
basket holds 290: servings
after shopping: fridge + pantry hold: 293.7155532258462
inedible: 1.5999999999999996
plate_waste: 6.939519192153739
plate_waste: 0.06304031631232287
plate_waste: 0.0005726738943601537
consumed today: 66.473260
after eating:fridge + pantry hold: 218.63916123465742
spoiled : 43.33257678386666
spoiled : 12.0
after throw out:fridge + pantry hold: 163.30658445079078
###########################################
Day 33:
###########################################
before:fridge + pantry hold: 163.30658445079078
plate_waste: 0.3541342962827687
plate_waste: 0.9531132371333939
plate_waste: 1.2953791766787965
inedible: 7.2
plate_waste: 4.360535389658594
consumed today: 66.093866
after eating:fridge + pantry hold: 83.04955587886451
after throw out:fridge + pantry hold: 83.04955587886451
###########################################
Day 34:
###########################################
before:fridge + pantry hold: 83.04955587886451
inedible: 0
plate_waste: 4.193698243386933
plate_waste: 2.7839175454417386
plate_waste: 0.02528979858582972
plate_waste: 0.0002297388130474893
consumed today: 66.473290
after eating:fridge + pantry hold: 9.573130902433078
after throw out:fridge + pantry hold: 9.573130902433078
###########################################
Day 35:
###########################################
before:fridge + pantry hold: 9.573130902433078
basket holds 120: servings
inedible: 0
plate_waste: 4.956188833093648
plate_waste: 2.0283536096759285
plate_waste: 0.01842606809010447
plate_waste: 0.00016738698008154983
consumed today: 66.473295
after eating:fridge + pantry hold: 56.09669992868479
spoiled : 26.525325239192213
after throw out:fridge + pantry hold: 29.57137468949258
###########################################
Day 36:
###########################################
before:fridge + pantry hold: 29.57137468949258
basket holds 246: servings
after shopping: fridge + pantry hold: 275.5713746894926
inedible: 5.199999999999999
plate_waste: 6.939519192153739
plate_waste: 0.06304031631232287
plate_waste: 0.0005726738943601529
consumed today: 66.473260
after eating:fridge + pantry hold: 196.89498269830383
after throw out:fridge + pantry hold: 196.89498269830383
###########################################
Day 37:
###########################################
before:fridge + pantry hold: 196.89498269830383
plate_waste: 0.8900729208210709
plate_waste: 0.9525405632390349
plate_waste: 0.9124277783919723
plate_waste: 1.9060590872867067
plate_waste: 1.9062264742667878
plate_waste: 0.4318515965252194
plate_waste: 0.0039230471868588745
inedible: 0
plate_waste: 3.563793524014925e-05
consumed today: 66.473307
after eating:fridge + pantry hold: 123.41853905226142
after throw out:fridge + pantry hold: 123.41853905226142
###########################################
Day 38:
###########################################
before:fridge + pantry hold: 123.41853905226142
inedible: 0
plate_waste: 5.7186794228003635
plate_waste: 1.2727896739101112
plate_waste: 0.011562337594378538
plate_waste: 0.00010503514711561143
consumed today: 66.473301
after eating:fridge + pantry hold: 49.942102081196275
after throw out:fridge + pantry hold: 49.942102081196275
###########################################
Day 39:
###########################################
before:fridge + pantry hold: 49.942102081196275
plate_waste: 1.0030841196804179
plate_waste: 0.897624027304941
basket holds 74: servings
inedible: 1.799999999999999
plate_waste: 4.594005802982956
consumed today: 61.647388
after eating:fridge + pantry hold: 54
after throw out:fridge + pantry hold: 54
###########################################
Day 40:
###########################################
before:fridge + pantry hold: 54
basket holds 238: servings
after shopping: fridge + pantry hold: 292
inedible: 6.399999999999999
plate_waste: 6.939519192153725
plate_waste: 0.06304031631232132
plate_waste: 0.0005726738943601303
consumed today: 66.473260
after eating:fridge + pantry hold: 212.12360800881126
after throw out:fridge + pantry hold: 212.12360800881126
###########################################
Day 41:
###########################################
before:fridge + pantry hold: 212.12360800881126
inedible: 1.7999999999999996
plate_waste: 6.939519192153739
plate_waste: 0.06304031631232287
plate_waste: 0.0005726738943601537
consumed today: 66.473260
after eating:fridge + pantry hold: 136.8472160176225
after throw out:fridge + pantry hold: 136.8472160176225
###########################################
Day 42:
###########################################
before:fridge + pantry hold: 136.8472160176225
basket holds 92: servings
inedible: 0
plate_waste: 6.939519192153725
plate_waste: 0.06304031631232143
plate_waste: 0.0005726738943601416
consumed today: 66.473260
after eating:fridge + pantry hold: 155.37082402643375
after throw out:fridge + pantry hold: 155.37082402643375
###########################################
Day 43:
###########################################
before:fridge + pantry hold: 155.37082402643375
basket holds 48: servings
inedible: 0
plate_waste: 2.2874717691201454
plate_waste: 4.672827384856291
plate_waste: 0.0424491248251454
plate_waste: 0.0003856183954623381
consumed today: 66.473276
after eating:fridge + pantry hold: 129.89441404329443
after throw out:fridge + pantry hold: 129.89441404329443
###########################################
Day 44:
###########################################
before:fridge + pantry hold: 129.89441404329443
basket holds 154: servings
after shopping: fridge + pantry hold: 283.89441404329443
inedible: 1.1999999999999993
plate_waste: 6.939519192153725
plate_waste: 0.06304031631232143
plate_waste: 0.0005726738943601416
consumed today: 66.473260
after eating:fridge + pantry hold: 209.21802205210568
spoiled : 18.21978020419873
after throw out:fridge + pantry hold: 190.99824184790694
###########################################
Day 45:
###########################################
before:fridge + pantry hold: 190.99824184790694
basket holds 30: servings
inedible: 1.1999999999999993
plate_waste: 5.794928481771031
plate_waste: 0.9531132371333939
plate_waste: 0.25277836062625925
plate_waste: 0.0022963014251487224
consumed today: 66.473110
after eating:fridge + pantry hold: 146.32201564399253
spoiled : 67.8161793980178
after throw out:fridge + pantry hold: 78.50583624597475
###########################################
Day 46:
###########################################
before:fridge + pantry hold: 78.50583624597475
basket holds 44: servings
inedible: 1.0
plate_waste: 4.289009567100273
plate_waste: 1.1437358845600727
plate_waste: 1.1437358845600727
plate_waste: 0.42278024617356813
plate_waste: 0.0038406407866869996
consumed today: 66.472975
after eating:fridge + pantry hold: 48.029758584485435
after throw out:fridge + pantry hold: 48.029758584485435
###########################################
Day 47:
###########################################
before:fridge + pantry hold: 48.029758584485435
basket holds 34: servings
inedible: 0.5999999999999996
plate_waste: 3.1833982120255335
plate_waste: 1.653448113640529
plate_waste: 0.9492725963467077
plate_waste: 0.45322910616653544
plate_waste: 0.7568509514910833
plate_waste: 0.006875422066304787
consumed today: 66.472711
after eating:fridge + pantry hold: 7.953972823715728
after throw out:fridge + pantry hold: 7.953972823715728
###########################################
Day 48:
###########################################
before:fridge + pantry hold: 7.953972823715728
after shopping: fridge + pantry hold: 7.953972823715728
inedible: 0
plate_waste: 0.7581036786082738
consumed today: 7.195869
after eating:fridge + pantry hold: 0
after throw out:fridge + pantry hold: 0
###########################################
Day 49:
###########################################
before:fridge + pantry hold: 0
basket holds 120: servings
inedible: 5.399999999999999
plate_waste: 6.939519192153725
plate_waste: 0.06304031631232132
plate_waste: 0.0005726738943601295
consumed today: 66.473260
after eating:fridge + pantry hold: 41.12360800881125
after throw out:fridge + pantry hold: 41.12360800881125
###########################################
Day 50:
###########################################
before:fridge + pantry hold: 41.12360800881125
basket holds 48: servings
inedible: 1.1999999999999993
plate_waste: 4.460569949784279
plate_waste: 1.8431861579544666
plate_waste: 0.6930279709271279
plate_waste: 0.006295638255447121
consumed today: 66.472762
after eating:fridge + pantry hold: 14.447766481481775
after throw out:fridge + pantry hold: 14.447766481481775
###########################################
Day 51:
###########################################
before:fridge + pantry hold: 14.447766481481775
plate_waste: 1.3770357480512434
basket holds 102: servings
inedible: 0
plate_waste: 5.574992778932007
consumed today: 65.988187
after eating:fridge + pantry hold: 43.507550606479
after throw out:fridge + pantry hold: 43.507550606479
###########################################
Day 52:
###########################################
before:fridge + pantry hold: 43.507550606479
basket holds 238: servings
after shopping: fridge + pantry hold: 281.507550606479
inedible: 2.3999999999999995
plate_waste: 6.939519192153739
plate_waste: 0.06304031631232287
plate_waste: 0.0005726738943601529
consumed today: 66.473260
after eating:fridge + pantry hold: 205.63115861529025
spoiled : 39.99399154400496
spoiled : 12.0
after throw out:fridge + pantry hold: 153.6371670712853
###########################################
Day 53:
###########################################
before:fridge + pantry hold: 153.6371670712853
plate_waste: 2.2874717691201454
plate_waste: 1.2874225284284346
plate_waste: 1.7279577436758373
inedible: 2.399999999999999
plate_waste: 1.6848395762486597
consumed today: 66.326699
after eating:fridge + pantry hold: 77.92277644872479
after throw out:fridge + pantry hold: 77.92277644872479
###########################################
Day 54:
###########################################
before:fridge + pantry hold: 77.92277644872479
inedible: 0
plate_waste: 2.8593397114001817
plate_waste: 0.9457529582395097
consumed today: 36.117684
after eating:fridge + pantry hold: 38
after throw out:fridge + pantry hold: 38
###########################################
Day 55:
###########################################
before:fridge + pantry hold: 38
inedible: 0
plate_waste: 3.621830301106897
consumed today: 34.378170
after eating:fridge + pantry hold: 0
after throw out:fridge + pantry hold: 0
###########################################
Day 56:
###########################################
before:fridge + pantry hold: 0
basket holds 286: servings
after shopping: fridge + pantry hold: 286
inedible: 8.0
plate_waste: 6.939519192153725
plate_waste: 0.06304031631232132
plate_waste: 0.0005726738943601303
consumed today: 66.473260
after eating:fridge + pantry hold: 204.52360800881127
spoiled : 20.0
after throw out:fridge + pantry hold: 184.52360800881127
###########################################
Day 57:
###########################################
before:fridge + pantry hold: 184.52360800881127
plate_waste: 0.9531132371333939
plate_waste: 2.2874717691201454
plate_waste: 1.8426134840601094
plate_waste: 1.9024977397348692
plate_waste: 0.017282762101439086
plate_waste: 0.00015700090445130684
inedible: 2.0
plate_waste: 1.426235219454655e-06
consumed today: 66.473310
after eating:fridge + pantry hold: 109.0471610721133
after throw out:fridge + pantry hold: 109.0471610721133
###########################################
Day 58:
###########################################
before:fridge + pantry hold: 109.0471610721133
plate_waste: 2.5779021507062474
plate_waste: 1.7156024006048902
inedible: 0
plate_waste: 2.6850179028134065
consumed today: 66.239666
after eating:fridge + pantry hold: 35.82897269490316
after throw out:fridge + pantry hold: 35.82897269490316
###########################################
Day 59:
###########################################
before:fridge + pantry hold: 35.82897269490316
basket holds 110: servings
inedible: 0
plate_waste: 2.2874717691201454
plate_waste: 3.4149068148403217
plate_waste: 1.288942431880411
plate_waste: 0.011709073260577879
plate_waste: 0.00010636813036061198
consumed today: 66.473300
after eating:fridge + pantry hold: 72.35253585205112
spoiled : 6.0
after throw out:fridge + pantry hold: 66.35253585205112
###########################################
Day 60:
###########################################
before:fridge + pantry hold: 66.35253585205112
basket holds 228: servings
after shopping: fridge + pantry hold: 294.3525358520511
inedible: 5.199999999999998
plate_waste: 6.939519192153725
plate_waste: 0.06304031631232132
plate_waste: 0.0005726738943601312
consumed today: 66.473260
after eating:fridge + pantry hold: 215.67614386086237
spoiled : 65.68511263591779
after throw out:fridge + pantry hold: 149.99103122494458
###########################################
Day 61:
###########################################
before:fridge + pantry hold: 149.99103122494458
inedible: 3.1999999999999993
plate_waste: 5.794928481771045
plate_waste: 1.1972332803335295
plate_waste: 0.01087596454480591
plate_waste: 9.879996381901776e-05
consumed today: 66.473301
after eating:fridge + pantry hold: 73.31459365414776
after throw out:fridge + pantry hold: 73.31459365414776
###########################################
Day 62:
###########################################
before:fridge + pantry hold: 73.31459365414776
plate_waste: 2.412767430442127
inedible: 0
plate_waste: 4.548669940448704
consumed today: 66.077495
after eating:fridge + pantry hold: 0.2756608214844576
after throw out:fridge + pantry hold: 0.2756608214844576
###########################################
Day 63:
###########################################
before:fridge + pantry hold: 0.2756608214844576
basket holds 44: servings
inedible: 2.3999999999999986
plate_waste: 3.9649510664749172
plate_waste: 0.02627359779159183
consumed today: 37.884436
after eating:fridge + pantry hold: 0
after throw out:fridge + pantry hold: 0
###########################################
Day 64:
###########################################
before:fridge + pantry hold: 0
basket holds 279: servings
after shopping: fridge + pantry hold: 279
inedible: 5.9999999999999964
plate_waste: 6.939519192153725
plate_waste: 0.06304031631232132
plate_waste: 0.0005726738943601303
consumed today: 66.473260
after eating:fridge + pantry hold: 199.52360800881127
spoiled : 12.0
after throw out:fridge + pantry hold: 187.52360800881127
###########################################
Day 65:
###########################################
before:fridge + pantry hold: 187.52360800881127
inedible: 2.3999999999999986
plate_waste: 5.394620922175008
plate_waste: 1.5939043466105822
plate_waste: 0.014479423055061807
plate_waste: 0.00013153467612612882
consumed today: 66.473298
after eating:fridge + pantry hold: 111.64717358660577
spoiled : 6.0
after throw out:fridge + pantry hold: 105.64717358660577
###########################################
Day 66:
###########################################
before:fridge + pantry hold: 105.64717358660577
inedible: 1.1999999999999993
plate_waste: 3.3168340652242065
plate_waste: 1.491352826911795
consumed today: 45.638987
after eating:fridge + pantry hold: 54
spoiled : 9.0
after throw out:fridge + pantry hold: 45
###########################################
Day 67:
###########################################
before:fridge + pantry hold: 45
basket holds 92: servings
inedible: 0
plate_waste: 3.431207653680218
plate_waste: 3.5394814812075595
plate_waste: 0.03215352908155594
plate_waste: 0.00029209064601342337
consumed today: 66.473284
after eating:fridge + pantry hold: 63.523581020885416
spoiled : 10.523581020885416
after throw out:fridge + pantry hold: 53
###########################################
Day 68:
###########################################
before:fridge + pantry hold: 53
basket holds 274: servings
after shopping: fridge + pantry hold: 327
inedible: 7.599999999999998
plate_waste: 6.939519192153739
plate_waste: 0.06304031631232276
plate_waste: 0.0005726738943601407
consumed today: 66.473260
after eating:fridge + pantry hold: 245.92360800881121
after throw out:fridge + pantry hold: 245.92360800881121
###########################################
Day 69:
###########################################
before:fridge + pantry hold: 245.92360800881121
inedible: 1.7999999999999996
plate_waste: 5.928364334969714
plate_waste: 1.065009591574512
plate_waste: 0.009674811708053982
consumed today: 66.472468
after eating:fridge + pantry hold: 170.64809150759453
after throw out:fridge + pantry hold: 170.64809150759453
###########################################
Day 70:
###########################################
before:fridge + pantry hold: 170.64809150759453
basket holds 108: servings
inedible: 0
plate_waste: 6.939519192153725
plate_waste: 0.06304031631232121
plate_waste: 0.0005726738943601182
consumed today: 66.473260
after eating:fridge + pantry hold: 205.1716995164058
spoiled : 36.71847504278826
after throw out:fridge + pantry hold: 168.45322447361752
###########################################
Day 71:
###########################################
before:fridge + pantry hold: 168.45322447361752
plate_waste: 2.2874717691201454
plate_waste: 4.6728273848562765
plate_waste: 0.04244912482514379
plate_waste: 0.00038561839546230733
basket holds 134: servings
inedible: 4.799999999999997
plate_waste: 3.503053302782005e-06
consumed today: 66.473309
after eating:fridge + pantry hold: 224.1767777366785
spoiled : 20.0
after throw out:fridge + pantry hold: 204.1767777366785
###########################################
Day 72:
###########################################
before:fridge + pantry hold: 204.1767777366785
basket holds 100: servings
after shopping: fridge + pantry hold: 304.1767777366785
inedible: 2.3999999999999986
plate_waste: 6.939519192153725
plate_waste: 0.06304031631232132
plate_waste: 0.0005726738943601295
consumed today: 66.473260
after eating:fridge + pantry hold: 228.3003857454898
after throw out:fridge + pantry hold: 228.3003857454898
###########################################
Day 73:
###########################################
before:fridge + pantry hold: 228.3003857454898
plate_waste: 6.939519192153739
plate_waste: 0.06304031631232265
plate_waste: 0.0005726738943601295
inedible: 0
plate_waste: 5.202311924591268e-06
consumed today: 66.473309
after eating:fridge + pantry hold: 154.82393917199408
spoiled : 9.641968058211564
after throw out:fridge + pantry hold: 145.1819711137825
###########################################
Day 74:
###########################################
before:fridge + pantry hold: 145.1819711137825
basket holds 32: servings
inedible: 0
plate_waste: 3.049962358826864
plate_waste: 3.8124529485335756
plate_waste: 0.1394437702613871
plate_waste: 0.0012667418507898692
consumed today: 66.473199
after eating:fridge + pantry hold: 103.7056458815847
spoiled : 26.0
after throw out:fridge + pantry hold: 77.7056458815847
###########################################
Day 75:
###########################################
before:fridge + pantry hold: 77.7056458815847
basket holds 40: servings
inedible: 0
plate_waste: 0.9531132371333939
plate_waste: 1.9062264742667878
plate_waste: 4.106154433031918
plate_waste: 0.03730132695334992
plate_waste: 0.00033885452073787164
consumed today: 66.473280
after eating:fridge + pantry hold: 44.229231400457756
spoiled : 5.191031224944581
after throw out:fridge + pantry hold: 39.038200175513175
###########################################
Day 76:
###########################################
before:fridge + pantry hold: 39.038200175513175
after shopping: fridge + pantry hold: 39.038200175513175
plate_waste: 0.07539423314805271
plate_waste: 1.0042921142986856
plate_waste: 0.011291248331040685
plate_waste: 1.1048289612351958
plate_waste: 0.571862739968112
plate_waste: 0.9531132371333939
inedible: 0
consumed today: 35.317418
after eating:fridge + pantry hold: 0
after throw out:fridge + pantry hold: 0
###########################################
Day 77:
###########################################
before:fridge + pantry hold: 0
basket holds 90: servings
inedible: 2.3999999999999986
plate_waste: 2.6305925344881693
plate_waste: 1.9062264742667878
plate_waste: 1.9062264742667878
plate_waste: 0.5550039349325857
plate_waste: 0.005041793623439102
consumed today: 66.472871
after eating:fridge + pantry hold: 14.124037871507994
after throw out:fridge + pantry hold: 14.124037871507994
###########################################
Day 78:
###########################################
before:fridge + pantry hold: 14.124037871507994
basket holds 32: servings
inedible: 0
plate_waste: 1.9062264742667878
plate_waste: 1.1437358845600727
plate_waste: 1.3461807457107646
consumed today: 41.727895
after eating:fridge + pantry hold: 0
after throw out:fridge + pantry hold: 0
###########################################
Day 79:
###########################################
before:fridge + pantry hold: 0
basket holds 12: servings
inedible: 0
plate_waste: 1.1437358845600727
consumed today: 10.856264
after eating:fridge + pantry hold: 0
after throw out:fridge + pantry hold: 0
###########################################
Day 80:
###########################################
before:fridge + pantry hold: 0
basket holds 312: servings
after shopping: fridge + pantry hold: 312
inedible: 7.999999999999998
plate_waste: 6.939519192153725
plate_waste: 0.06304031631232132
plate_waste: 0.0005726738943601303
consumed today: 66.473260
after eating:fridge + pantry hold: 230.52360800881127
spoiled : 19.33858523986171
spoiled : 4.0
after throw out:fridge + pantry hold: 207.18502276894955
###########################################
Day 81:
###########################################
before:fridge + pantry hold: 207.18502276894955
inedible: 3.9999999999999987
plate_waste: 5.7186794228003635
plate_waste: 1.1437358845600727
plate_waste: 0.1394437702613871
plate_waste: 0.001266741850789871
consumed today: 66.473199
after eating:fridge + pantry hold: 129.70869753675174
after throw out:fridge + pantry hold: 129.70869753675174
###########################################
Day 82:
###########################################
before:fridge + pantry hold: 129.70869753675174
basket holds 36: servings
inedible: 1.1999999999999993
plate_waste: 6.557419071477746
plate_waste: 0.4416693445677131
plate_waste: 0.00401223404908016
consumed today: 66.472961
after eating:fridge + pantry hold: 91.03263637997634
after throw out:fridge + pantry hold: 91.03263637997634
###########################################
Day 83:
###########################################
before:fridge + pantry hold: 91.03263637997634
inedible: 0
plate_waste: 1.3343585319867515
plate_waste: 5.61728230456356
plate_waste: 0.05102878794480237
plate_waste: 0.0004635581866697337
consumed today: 66.473269
after eating:fridge + pantry hold: 17.556233893483082
spoiled : 10.518811146475679
after throw out:fridge + pantry hold: 7.037422747007405
###########################################
Day 84:
###########################################
before:fridge + pantry hold: 7.037422747007405
basket holds 270: servings
after shopping: fridge + pantry hold: 277.0374227470074
plate_waste: 0.6707460775476388
inedible: 5.9999999999999964
plate_waste: 6.274866338606621
consumed today: 65.927286
after eating:fridge + pantry hold: 198.16452427542538
after throw out:fridge + pantry hold: 198.16452427542538
###########################################
Day 85:
###########################################
before:fridge + pantry hold: 198.16452427542538
inedible: 2.3999999999999986
plate_waste: 6.347734159308395
plate_waste: 0.6494494269033133
plate_waste: 0.0058997599354048
consumed today: 66.472796
after eating:fridge + pantry hold: 122.28864467050289
after throw out:fridge + pantry hold: 122.28864467050289
###########################################
Day 86:
###########################################
before:fridge + pantry hold: 122.28864467050289
inedible: 0
plate_waste: 4.479632214526951
plate_waste: 2.029048903608558
consumed today: 61.779964
after eating:fridge + pantry hold: 54
after throw out:fridge + pantry hold: 54
###########################################
Day 87:
###########################################
before:fridge + pantry hold: 54
basket holds 76: servings
inedible: 1.1999999999999993
plate_waste: 6.843353042617764
plate_waste: 0.1583328686555323
plate_waste: 0.0014383351131830053
consumed today: 66.473184
after eating:fridge + pantry hold: 55.323691272516086
spoiled : 6.0
after throw out:fridge + pantry hold: 49.323691272516086
###########################################
Day 88:
###########################################
before:fridge + pantry hold: 49.323691272516086
basket holds 232: servings
after shopping: fridge + pantry hold: 281.3236912725161
inedible: 8.799999999999999
plate_waste: 6.939519192153725
plate_waste: 0.06304031631232132
plate_waste: 0.0005726738943601303
consumed today: 66.473260
after eating:fridge + pantry hold: 199.04729928132735
after throw out:fridge + pantry hold: 199.04729928132735
###########################################
Day 89:
###########################################
before:fridge + pantry hold: 199.04729928132735
inedible: 0
plate_waste: 6.19523604136706
plate_waste: 0.8005622140564759
plate_waste: 0.007272506034549875
consumed today: 66.472677
after eating:fridge + pantry hold: 125.57155171411603
after throw out:fridge + pantry hold: 125.57155171411603
###########################################
Day 90:
###########################################
before:fridge + pantry hold: 125.57155171411603
inedible: 0
plate_waste: 1.1437358845600727
plate_waste: 1.4863368811693114
plate_waste: 4.333338660811918
plate_waste: 0.039365124917424055
plate_waste: 0.00035760257414869717
consumed today: 66.473279
after eating:fridge + pantry hold: 52.09513903627236
spoiled : 21.17295762418103
after throw out:fridge + pantry hold: 30.922181412091323
###########################################
Day 91:
###########################################
before:fridge + pantry hold: 30.922181412091323
basket holds 56: servings
inedible: 0.5999999999999996
plate_waste: 4.136511449158924
plate_waste: 1.1437358845600727
plate_waste: 1.7072389369754504
plate_waste: 0.01550898262942041
plate_waste: 0.0001408874510710192
consumed today: 66.473297
after eating:fridge + pantry hold: 12.845747889483384
after throw out:fridge + pantry hold: 12.845747889483384
###########################################
Day 92:
###########################################
before:fridge + pantry hold: 12.845747889483384
basket holds 272: servings
after shopping: fridge + pantry hold: 284.8457478894834
inedible: 7.599999999999998
plate_waste: 6.939519192153739
plate_waste: 0.06304031631232287
plate_waste: 0.0005726738943601529
consumed today: 66.473260
after eating:fridge + pantry hold: 203.7693558982946
spoiled : 19.993991544004963
spoiled : 8.0
after throw out:fridge + pantry hold: 175.77536435428965
###########################################
Day 93:
###########################################
before:fridge + pantry hold: 175.77536435428965
plate_waste: 1.1437358845600727
plate_waste: 1.0650456981672587
plate_waste: 0.09625922095491624
plate_waste: 0.9531132371333939
plate_waste: 3.710963032061514
plate_waste: 0.03371131009032985
plate_waste: 0.00030624191569352324
inedible: 0.7999999999999998
plate_waste: 2.7819776412231977e-06
consumed today: 66.473309
after eating:fridge + pantry hold: 101.49891754799391
after throw out:fridge + pantry hold: 101.49891754799391
###########################################
Day 94:
###########################################
before:fridge + pantry hold: 101.49891754799391
basket holds 32: servings
inedible: 0.7999999999999998
plate_waste: 3.5455812421362296
plate_waste: 0.6862387487584032
plate_waste: 2.746142105358917
plate_waste: 0.02494663710364106
plate_waste: 0.0002266214488923649
consumed today: 66.473290
after eating:fridge + pantry hold: 59.22249227171851
after throw out:fridge + pantry hold: 59.22249227171851
###########################################
Day 95:
###########################################
before:fridge + pantry hold: 59.22249227171851
plate_waste: 1.1187892474564318
plate_waste: 4.525784884564068
basket holds 12: servings
inedible: 0
plate_waste: 1.1437358845600727
consumed today: 64.434182
after eating:fridge + pantry hold: 0
after throw out:fridge + pantry hold: 0
###########################################
Day 96:
###########################################
before:fridge + pantry hold: 0
basket holds 292: servings
after shopping: fridge + pantry hold: 292
inedible: 2.7999999999999994
plate_waste: 6.939519192153725
plate_waste: 0.06304031631232132
plate_waste: 0.0005726738943601303
consumed today: 66.473260
after eating:fridge + pantry hold: 215.72360800881125
after throw out:fridge + pantry hold: 215.72360800881125
###########################################
Day 97:
###########################################
before:fridge + pantry hold: 215.72360800881125
inedible: 5.599999999999999
plate_waste: 6.939519192153739
plate_waste: 0.06304031631232287
plate_waste: 0.0005726738943601529
consumed today: 66.473260
after eating:fridge + pantry hold: 136.6472160176225
spoiled : 46.665153567733334
after throw out:fridge + pantry hold: 89.98206244988917
###########################################
Day 98:
###########################################
before:fridge + pantry hold: 89.98206244988917
basket holds 108: servings
inedible: 1.3999999999999992
plate_waste: 6.939519192153725
plate_waste: 0.06304031631232154
plate_waste: 0.0005726738943601529
consumed today: 66.473260
after eating:fridge + pantry hold: 123.10567045870042
spoiled : 10.0
spoiled : 4.0
after throw out:fridge + pantry hold: 109.10567045870042
###########################################
Day 99:
###########################################
before:fridge + pantry hold: 109.10567045870042
basket holds 54: servings
inedible: 1.5999999999999999
plate_waste: 3.0880868883121977
plate_waste: 1.905653800372427
plate_waste: 1.1437358845600727
plate_waste: 0.36132820428806856
plate_waste: 0.49975117170507133
plate_waste: 0.004539863795947563
consumed today: 66.472915
after eating:fridge + pantry hold: 88.02966005204127
after throw out:fridge + pantry hold: 88.02966005204127
